[0.022s] Invoking command in '/home/linux/test_place/ros2_projects/project_1/build/my_robot_description': CMAKE_PREFIX_PATH=${CMAKE_PREFIX_PATH}:/opt/ros/jazzy DEBUGINFOD_URLS=https://debuginfod.ubuntu.com /usr/bin/cmake --build /home/linux/test_place/ros2_projects/project_1/build/my_robot_description -- -j32 -l32
[0.073s] Invoked command in '/home/linux/test_place/ros2_projects/project_1/build/my_robot_description' returned '0': CMAKE_PREFIX_PATH=${CMAKE_PREFIX_PATH}:/opt/ros/jazzy DEBUGINFOD_URLS=https://debuginfod.ubuntu.com /usr/bin/cmake --build /home/linux/test_place/ros2_projects/project_1/build/my_robot_description -- -j32 -l32
[0.086s] Invoking command in '/home/linux/test_place/ros2_projects/project_1/build/my_robot_description': CMAKE_PREFIX_PATH=${CMAKE_PREFIX_PATH}:/opt/ros/jazzy DEBUGINFOD_URLS=https://debuginfod.ubuntu.com /usr/bin/cmake --install /home/linux/test_place/ros2_projects/project_1/build/my_robot_description
[0.096s] -- Install configuration: ""
[0.096s] -- Up-to-date: /home/linux/test_place/ros2_projects/project_1/install/my_robot_description/share/my_robot_description/launch
[0.096s] -- Up-to-date: /home/linux/test_place/ros2_projects/project_1/install/my_robot_description/share/my_robot_description/launch/display.launch.py
[0.096s] -- Up-to-date: /home/linux/test_place/ros2_projects/project_1/install/my_robot_description/share/my_robot_description/rviz
[0.097s] -- Up-to-date: /home/linux/test_place/ros2_projects/project_1/install/my_robot_description/share/my_robot_description/rviz/model.rviz
[0.098s] -- Up-to-date: /home/linux/test_place/ros2_projects/project_1/install/my_robot_description/share/my_robot_description/urdf
[0.099s] -- Up-to-date: /home/linux/test_place/ros2_projects/project_1/install/my_robot_description/share/my_robot_description/urdf/robot.urdf.xacro
[0.099s] -- Up-to-date: /home/linux/test_place/ros2_projects/project_1/install/my_robot_description/share/my_robot_description/urdf/chassis.xacro
[0.099s] -- Up-to-date: /home/linux/test_place/ros2_projects/project_1/install/my_robot_description/share/my_robot_description/urdf/wheels.xacro
[0.099s] -- Up-to-date: /home/linux/test_place/ros2_projects/project_1/install/my_robot_description/share/my_robot_description/urdf/sensors.xacro
[0.100s] -- Up-to-date: /home/linux/test_place/ros2_projects/project_1/install/my_robot_description/share/ament_index/resource_index/package_run_dependencies/my_robot_description
[0.100s] -- Up-to-date: /home/linux/test_place/ros2_projects/project_1/install/my_robot_description/share/ament_index/resource_index/parent_prefix_path/my_robot_description
[0.100s] -- Up-to-date: /home/linux/test_place/ros2_projects/project_1/install/my_robot_description/share/my_robot_description/environment/ament_prefix_path.sh
[0.100s] -- Up-to-date: /home/linux/test_place/ros2_projects/project_1/install/my_robot_description/share/my_robot_description/environment/ament_prefix_path.dsv
[0.100s] -- Up-to-date: /home/linux/test_place/ros2_projects/project_1/install/my_robot_description/share/my_robot_description/environment/path.sh
[0.101s] -- Up-to-date: /home/linux/test_place/ros2_projects/project_1/install/my_robot_description/share/my_robot_description/environment/path.dsv
[0.101s] -- Up-to-date: /home/linux/test_place/ros2_projects/project_1/install/my_robot_description/share/my_robot_description/local_setup.bash
[0.103s] -- Up-to-date: /home/linux/test_place/ros2_projects/project_1/install/my_robot_description/share/my_robot_description/local_setup.sh
[0.106s] -- Up-to-date: /home/linux/test_place/ros2_projects/project_1/install/my_robot_description/share/my_robot_description/local_setup.zsh
[0.107s] -- Up-to-date: /home/linux/test_place/ros2_projects/project_1/install/my_robot_description/share/my_robot_description/local_setup.dsv
[0.108s] -- Installing: /home/linux/test_place/ros2_projects/project_1/install/my_robot_description/share/my_robot_description/package.dsv
[0.110s] -- Up-to-date: /home/linux/test_place/ros2_projects/project_1/install/my_robot_description/share/ament_index/resource_index/packages/my_robot_description
[0.111s] -- Up-to-date: /home/linux/test_place/ros2_projects/project_1/install/my_robot_description/share/my_robot_description/cmake/my_robot_descriptionConfig.cmake
[0.112s] -- Up-to-date: /home/linux/test_place/ros2_projects/project_1/install/my_robot_description/share/my_robot_description/cmake/my_robot_descriptionConfig-version.cmake
[0.112s] -- Up-to-date: /home/linux/test_place/ros2_projects/project_1/install/my_robot_description/share/my_robot_description/package.xml
[0.131s] Invoked command in '/home/linux/test_place/ros2_projects/project_1/build/my_robot_description' returned '0': CMAKE_PREFIX_PATH=${CMAKE_PREFIX_PATH}:/opt/ros/jazzy DEBUGINFOD_URLS=https://debuginfod.ubuntu.com /usr/bin/cmake --install /home/linux/test_place/ros2_projects/project_1/build/my_robot_description
