[0.030s] Invoking command in '/home/linux/test_place/ros2_projects/project_1/build/my_robot_description': CMAKE_PREFIX_PATH=${CMAKE_PREFIX_PATH}:/opt/ros/jazzy DEBUGINFOD_URLS=https://debuginfod.ubuntu.com /usr/bin/cmake --build /home/linux/test_place/ros2_projects/project_1/build/my_robot_description -- -j32 -l32
[0.203s] -- Found ament_cmake: 2.5.6 (/opt/ros/jazzy/share/ament_cmake/cmake)
[0.758s] -- Configuring done (0.6s)
[0.781s] -- Generating done (0.0s)
[0.786s] -- Build files have been written to: /home/linux/test_place/ros2_projects/project_1/build/my_robot_description
[0.822s] Invoked command in '/home/linux/test_place/ros2_projects/project_1/build/my_robot_description' returned '0': CMAKE_PREFIX_PATH=${CMAKE_PREFIX_PATH}:/opt/ros/jazzy DEBUGINFOD_URLS=https://debuginfod.ubuntu.com /usr/bin/cmake --build /home/linux/test_place/ros2_projects/project_1/build/my_robot_description -- -j32 -l32
[0.835s] Invoking command in '/home/linux/test_place/ros2_projects/project_1/build/my_robot_description': CMAKE_PREFIX_PATH=${CMAKE_PREFIX_PATH}:/opt/ros/jazzy DEBUGINFOD_URLS=https://debuginfod.ubuntu.com /usr/bin/cmake --install /home/linux/test_place/ros2_projects/project_1/build/my_robot_description
[0.845s] -- Install configuration: ""
[0.845s] -- Up-to-date: /home/linux/test_place/ros2_projects/project_1/install/my_robot_description/share/my_robot_description/launch
[0.845s] -- Installing: /home/linux/test_place/ros2_projects/project_1/install/my_robot_description/share/my_robot_description/launch/move_robot.launch.py
[0.845s] -- Installing: /home/linux/test_place/ros2_projects/project_1/install/my_robot_description/share/my_robot_description/launch/keyboard_control.launch.py
[0.846s] -- Installing: /home/linux/test_place/ros2_projects/project_1/install/my_robot_description/share/my_robot_description/launch/animate_wheels.launch.py
[0.846s] -- Installing: /home/linux/test_place/ros2_projects/project_1/install/my_robot_description/share/my_robot_description/launch/display.launch.py
[0.846s] -- Up-to-date: /home/linux/test_place/ros2_projects/project_1/install/my_robot_description/share/my_robot_description/rviz
[0.847s] -- Installing: /home/linux/test_place/ros2_projects/project_1/install/my_robot_description/share/my_robot_description/rviz/model.rviz
[0.847s] -- Installing: /home/linux/test_place/ros2_projects/project_1/install/my_robot_description/share/my_robot_description/rviz/motion.rviz
[0.847s] -- Up-to-date: /home/linux/test_place/ros2_projects/project_1/install/my_robot_description/share/my_robot_description/urdf
[0.847s] -- Installing: /home/linux/test_place/ros2_projects/project_1/install/my_robot_description/share/my_robot_description/urdf/robot.urdf.xacro
[0.847s] -- Installing: /home/linux/test_place/ros2_projects/project_1/install/my_robot_description/share/my_robot_description/urdf/chassis.xacro
[0.848s] -- Installing: /home/linux/test_place/ros2_projects/project_1/install/my_robot_description/share/my_robot_description/urdf/wheels.xacro
[0.848s] -- Installing: /home/linux/test_place/ros2_projects/project_1/install/my_robot_description/share/my_robot_description/urdf/sensors.xacro
[0.849s] -- Installing: /home/linux/test_place/ros2_projects/project_1/install/my_robot_description/lib/my_robot_description/wheel_demo.py
[0.849s] -- Installing: /home/linux/test_place/ros2_projects/project_1/install/my_robot_description/lib/my_robot_description/diff_drive_demo.py
[0.849s] -- Installing: /home/linux/test_place/ros2_projects/project_1/install/my_robot_description/lib/my_robot_description/cmd_vel_drive.py
[0.850s] -- Installing: /home/linux/test_place/ros2_projects/project_1/install/my_robot_description/lib/my_robot_description/keyboard_teleop.py
[0.850s] -- Installing: /home/linux/test_place/ros2_projects/project_1/install/my_robot_description/lib/my_robot_description/virtual_lidar.py
[0.850s] -- Up-to-date: /home/linux/test_place/ros2_projects/project_1/install/my_robot_description/share/ament_index/resource_index/package_run_dependencies/my_robot_description
[0.850s] -- Up-to-date: /home/linux/test_place/ros2_projects/project_1/install/my_robot_description/share/ament_index/resource_index/parent_prefix_path/my_robot_description
[0.851s] -- Up-to-date: /home/linux/test_place/ros2_projects/project_1/install/my_robot_description/share/my_robot_description/environment/ament_prefix_path.sh
[0.852s] -- Up-to-date: /home/linux/test_place/ros2_projects/project_1/install/my_robot_description/share/my_robot_description/environment/ament_prefix_path.dsv
[0.852s] -- Up-to-date: /home/linux/test_place/ros2_projects/project_1/install/my_robot_description/share/my_robot_description/environment/path.sh
[0.852s] -- Up-to-date: /home/linux/test_place/ros2_projects/project_1/install/my_robot_description/share/my_robot_description/environment/path.dsv
[0.852s] -- Up-to-date: /home/linux/test_place/ros2_projects/project_1/install/my_robot_description/share/my_robot_description/local_setup.bash
[0.853s] -- Up-to-date: /home/linux/test_place/ros2_projects/project_1/install/my_robot_description/share/my_robot_description/local_setup.sh
[0.853s] -- Up-to-date: /home/linux/test_place/ros2_projects/project_1/install/my_robot_description/share/my_robot_description/local_setup.zsh
[0.854s] -- Up-to-date: /home/linux/test_place/ros2_projects/project_1/install/my_robot_description/share/my_robot_description/local_setup.dsv
[0.854s] -- Installing: /home/linux/test_place/ros2_projects/project_1/install/my_robot_description/share/my_robot_description/package.dsv
[0.855s] -- Up-to-date: /home/linux/test_place/ros2_projects/project_1/install/my_robot_description/share/ament_index/resource_index/packages/my_robot_description
[0.857s] -- Up-to-date: /home/linux/test_place/ros2_projects/project_1/install/my_robot_description/share/my_robot_description/cmake/my_robot_descriptionConfig.cmake
[0.858s] -- Up-to-date: /home/linux/test_place/ros2_projects/project_1/install/my_robot_description/share/my_robot_description/cmake/my_robot_descriptionConfig-version.cmake
[0.858s] -- Installing: /home/linux/test_place/ros2_projects/project_1/install/my_robot_description/share/my_robot_description/package.xml
[0.859s] Invoked command in '/home/linux/test_place/ros2_projects/project_1/build/my_robot_description' returned '0': CMAKE_PREFIX_PATH=${CMAKE_PREFIX_PATH}:/opt/ros/jazzy DEBUGINFOD_URLS=https://debuginfod.ubuntu.com /usr/bin/cmake --install /home/linux/test_place/ros2_projects/project_1/build/my_robot_description
