[0.024s] Invoking command in '/home/linux/test_place/ros2_projects/project_1/build/robot_data_flow': CMAKE_PREFIX_PATH=${CMAKE_PREFIX_PATH}:/opt/ros/jazzy CONDA_PROMPT_MODIFIER=(base) DEBUGINFOD_URLS=https://debuginfod.ubuntu.com /usr/bin/cmake /home/linux/test_place/ros2_projects/project_1/src/robot_data_flow -DCMAKE_INSTALL_PREFIX=/home/linux/test_place/ros2_projects/project_1/install/robot_data_flow
[0.537s] -- The C compiler identification is GNU 13.3.0
[2.053s] -- The CXX compiler identification is GNU 13.3.0
[3.351s] -- Detecting C compiler ABI info
[3.886s] -- Detecting C compiler ABI info - done
[3.899s] -- Check for working C compiler: /usr/bin/cc - skipped
[3.901s] -- Detecting C compile features
[3.903s] -- Detecting C compile features - done
[4.093s] -- Detecting CXX compiler ABI info
[4.605s] -- Detecting CXX compiler ABI info - done
[4.618s] -- Check for working CXX compiler: /usr/bin/c++ - skipped
[4.618s] -- Detecting CXX compile features
[4.619s] -- Detecting CXX compile features - done
[4.634s] -- Found ament_cmake: 2.5.6 (/opt/ros/jazzy/share/ament_cmake/cmake)
[4.862s] -- Found Python3: /home/linux/miniconda3/bin/python3 (found version "3.13.12") found components: Interpreter 
[5.128s] -- Found rclcpp: 28.1.18 (/opt/ros/jazzy/share/rclcpp/cmake)
[5.455s] -- Found rosidl_generator_c: 4.6.7 (/opt/ros/jazzy/share/rosidl_generator_c/cmake)
[5.478s] -- Found rosidl_generator_cpp: 4.6.7 (/opt/ros/jazzy/share/rosidl_generator_cpp/cmake)
[5.506s] -- Using all available rosidl_typesupport_c: rosidl_typesupport_fastrtps_c;rosidl_typesupport_introspection_c
[5.535s] -- Using all available rosidl_typesupport_cpp: rosidl_typesupport_fastrtps_cpp;rosidl_typesupport_introspection_cpp
[5.664s] -- Found rmw_implementation_cmake: 7.3.3 (/opt/ros/jazzy/share/rmw_implementation_cmake/cmake)
[5.668s] -- Found rmw_fastrtps_cpp: 8.4.3 (/opt/ros/jazzy/share/rmw_fastrtps_cpp/cmake)
[5.820s] -- Found OpenSSL: /usr/lib/x86_64-linux-gnu/libcrypto.so (found version "3.0.13")  
[6.215s] -- Found FastRTPS: /opt/ros/jazzy/include (Required is at least version "2.13") 
[6.433s] -- Using RMW implementation 'rmw_fastrtps_cpp' as default
[6.843s] -- Found sensor_msgs: 5.3.7 (/opt/ros/jazzy/share/sensor_msgs/cmake)
[6.960s] -- Found nav_msgs: 5.3.7 (/opt/ros/jazzy/share/nav_msgs/cmake)
[7.023s] -- Found tf2_ros: 0.36.20 (/opt/ros/jazzy/share/tf2_ros/cmake)
[7.353s] -- Found ament_lint_auto: 0.17.5 (/opt/ros/jazzy/share/ament_lint_auto/cmake)
[7.407s] Traceback (most recent call last):
[7.411s]   File "/opt/ros/jazzy/share/ament_cmake_core/cmake/core/package_xml_2_cmake.py", line 22, in <module>
[7.411s]     from catkin_pkg.package import parse_package_string
[7.411s] ModuleNotFoundError: No module named 'catkin_pkg'
[7.418s] [31mCMake Error at /opt/ros/jazzy/share/ament_cmake_core/cmake/core/ament_package_xml.cmake:95 (message):
[7.418s]   execute_process(/home/linux/miniconda3/bin/python3
[7.419s]   /opt/ros/jazzy/share/ament_cmake_core/cmake/core/package_xml_2_cmake.py
[7.419s]   /home/linux/test_place/ros2_projects/project_1/src/robot_data_flow/package.xml
[7.420s]   /home/linux/test_place/ros2_projects/project_1/build/robot_data_flow/ament_cmake_core/package.cmake)
[7.420s]   returned error code 1
[7.421s] Call Stack (most recent call first):
[7.421s]   /opt/ros/jazzy/share/ament_cmake_core/cmake/core/ament_package_xml.cmake:49 (_ament_package_xml)
[7.422s]   /opt/ros/jazzy/share/ament_lint_auto/cmake/ament_lint_auto_find_test_dependencies.cmake:31 (ament_package_xml)
[7.422s]   CMakeLists.txt:25 (ament_lint_auto_find_test_dependencies)
[7.423s] 
[7.423s] [0m
[7.423s] -- Configuring incomplete, errors occurred!
[7.434s] Invoked command in '/home/linux/test_place/ros2_projects/project_1/build/robot_data_flow' returned '1': CMAKE_PREFIX_PATH=${CMAKE_PREFIX_PATH}:/opt/ros/jazzy CONDA_PROMPT_MODIFIER=(base) DEBUGINFOD_URLS=https://debuginfod.ubuntu.com /usr/bin/cmake /home/linux/test_place/ros2_projects/project_1/src/robot_data_flow -DCMAKE_INSTALL_PREFIX=/home/linux/test_place/ros2_projects/project_1/install/robot_data_flow
