[1.076s] Invoking command in '/home/linux/test_place/ros2_projects/project_1/src/my_robot_description': DEBUGINFOD_URLS=https://debuginfod.ubuntu.com PYTHONPATH=/home/linux/test_place/ros2_projects/project_1/build/my_robot_description/prefix_override:/usr/lib/python3/dist-packages/colcon_core/task/python/colcon_distutils_commands:/home/linux/test_place/ros2_projects/project_1/install/my_robot_description/lib/python3.12/site-packages:${PYTHONPATH} /usr/bin/python3 -W ignore:setup.py install is deprecated -W ignore:easy_install command is deprecated setup.py egg_info --egg-base ../../build/my_robot_description build --build-base /home/linux/test_place/ros2_projects/project_1/build/my_robot_description/build install --record /home/linux/test_place/ros2_projects/project_1/build/my_robot_description/install.log --single-version-externally-managed install_data
[1.458s] running egg_info
[1.481s] writing ../../build/my_robot_description/my_robot_description.egg-info/PKG-INFO
[1.481s] writing dependency_links to ../../build/my_robot_description/my_robot_description.egg-info/dependency_links.txt
[1.482s] writing requirements to ../../build/my_robot_description/my_robot_description.egg-info/requires.txt
[1.483s] writing top-level names to ../../build/my_robot_description/my_robot_description.egg-info/top_level.txt
[1.525s] reading manifest file '../../build/my_robot_description/my_robot_description.egg-info/SOURCES.txt'
[1.526s] writing manifest file '../../build/my_robot_description/my_robot_description.egg-info/SOURCES.txt'
[1.527s] running build
[1.527s] running build_py
[1.528s] running install
[1.536s] running install_lib
[1.557s] running install_data
[1.557s] copying urdf/base.urdf -> /home/linux/test_place/ros2_projects/project_1/install/my_robot_description/share/my_robot_description/urdf
[1.558s] running install_egg_info
[1.580s] removing '/home/linux/test_place/ros2_projects/project_1/install/my_robot_description/lib/python3.12/site-packages/my_robot_description-0.0.0-py3.12.egg-info' (and everything under it)
[1.580s] Copying ../../build/my_robot_description/my_robot_description.egg-info to /home/linux/test_place/ros2_projects/project_1/install/my_robot_description/lib/python3.12/site-packages/my_robot_description-0.0.0-py3.12.egg-info
[1.583s] running install_scripts
[1.732s] writing list of installed files to '/home/linux/test_place/ros2_projects/project_1/build/my_robot_description/install.log'
[1.769s] Invoked command in '/home/linux/test_place/ros2_projects/project_1/src/my_robot_description' returned '0': DEBUGINFOD_URLS=https://debuginfod.ubuntu.com PYTHONPATH=/home/linux/test_place/ros2_projects/project_1/build/my_robot_description/prefix_override:/usr/lib/python3/dist-packages/colcon_core/task/python/colcon_distutils_commands:/home/linux/test_place/ros2_projects/project_1/install/my_robot_description/lib/python3.12/site-packages:${PYTHONPATH} /usr/bin/python3 -W ignore:setup.py install is deprecated -W ignore:easy_install command is deprecated setup.py egg_info --egg-base ../../build/my_robot_description build --build-base /home/linux/test_place/ros2_projects/project_1/build/my_robot_description/build install --record /home/linux/test_place/ros2_projects/project_1/build/my_robot_description/install.log --single-version-externally-managed install_data
