[0.364s] DEBUG:colcon:Command line arguments: ['/usr/bin/colcon', 'build']
[0.364s] DEBUG:colcon:Parsed command line arguments: Namespace(log_base=None, log_level=None, verb_name='build', build_base='build', install_base='install', merge_install=False, symlink_install=False, test_result_base=None, continue_on_error=False, executor='parallel', parallel_workers=32, event_handlers=None, ignore_user_meta=False, metas=['./colcon.meta'], base_paths=['.'], packages_ignore=None, packages_ignore_regex=None, paths=None, packages_up_to=None, packages_up_to_regex=None, packages_above=None, packages_above_and_dependencies=None, packages_above_depth=None, packages_select_by_dep=None, packages_skip_by_dep=None, packages_skip_up_to=None, packages_select_build_failed=False, packages_skip_build_finished=False, packages_select_test_failures=False, packages_skip_test_passed=False, packages_select=None, packages_skip=None, packages_select_regex=None, packages_skip_regex=None, packages_start=None, packages_end=None, allow_overriding=[], cmake_args=None, cmake_target=None, cmake_target_skip_unavailable=False, cmake_clean_cache=False, cmake_clean_first=False, cmake_force_configure=False, ament_cmake_args=None, catkin_cmake_args=None, catkin_skip_building_tests=False, verb_parser=<colcon_defaults.argument_parser.defaults.DefaultArgumentsDecorator object at 0x741871f56a20>, verb_extension=<colcon_core.verb.build.BuildVerb object at 0x741872077710>, main=<bound method BuildVerb.main of <colcon_core.verb.build.BuildVerb object at 0x741872077710>>)
[0.441s] Level 1:colcon.colcon_core.package_discovery:discover_packages(colcon_meta) check parameters
[0.441s] Level 1:colcon.colcon_core.package_discovery:discover_packages(recursive) check parameters
[0.441s] Level 1:colcon.colcon_core.package_discovery:discover_packages(ignore) check parameters
[0.441s] Level 1:colcon.colcon_core.package_discovery:discover_packages(path) check parameters
[0.441s] Level 1:colcon.colcon_core.package_discovery:discover_packages(colcon_meta) discover
[0.441s] Level 1:colcon.colcon_core.package_discovery:discover_packages(recursive) discover
[0.441s] INFO:colcon.colcon_core.package_discovery:Crawling recursively for packages in '/home/linux/test_place/ros2_projects/project_1'
[0.441s] Level 1:colcon.colcon_core.package_identification:_identify(.) by extensions ['ignore', 'ignore_ament_install']
[0.441s] Level 1:colcon.colcon_core.package_identification:_identify(.) by extension 'ignore'
[0.441s] Level 1:colcon.colcon_core.package_identification:_identify(.) by extension 'ignore_ament_install'
[0.442s] Level 1:colcon.colcon_core.package_identification:_identify(.) by extensions ['colcon_pkg']
[0.442s] Level 1:colcon.colcon_core.package_identification:_identify(.) by extension 'colcon_pkg'
[0.442s] Level 1:colcon.colcon_core.package_identification:_identify(.) by extensions ['colcon_meta']
[0.442s] Level 1:colcon.colcon_core.package_identification:_identify(.) by extension 'colcon_meta'
[0.442s] Level 1:colcon.colcon_core.package_identification:_identify(.) by extensions ['ros']
[0.442s] Level 1:colcon.colcon_core.package_identification:_identify(.) by extension 'ros'
[0.484s] Level 1:colcon.colcon_core.package_identification:_identify(.) by extensions ['cmake', 'python']
[0.484s] Level 1:colcon.colcon_core.package_identification:_identify(.) by extension 'cmake'
[0.484s] Level 1:colcon.colcon_core.package_identification:_identify(.) by extension 'python'
[0.484s] Level 1:colcon.colcon_core.package_identification:_identify(.) by extensions ['python_setup_py']
[0.484s] Level 1:colcon.colcon_core.package_identification:_identify(.) by extension 'python_setup_py'
[0.485s] Level 1:colcon.colcon_core.package_identification:_identify(build) by extensions ['ignore', 'ignore_ament_install']
[0.485s] Level 1:colcon.colcon_core.package_identification:_identify(build) by extension 'ignore'
[0.485s] Level 1:colcon.colcon_core.package_identification:_identify(build) ignored
[0.485s] Level 1:colcon.colcon_core.package_identification:_identify(install) by extensions ['ignore', 'ignore_ament_install']
[0.485s] Level 1:colcon.colcon_core.package_identification:_identify(install) by extension 'ignore'
[0.485s] Level 1:colcon.colcon_core.package_identification:_identify(install) ignored
[0.486s] Level 1:colcon.colcon_core.package_identification:_identify(log) by extensions ['ignore', 'ignore_ament_install']
[0.486s] Level 1:colcon.colcon_core.package_identification:_identify(log) by extension 'ignore'
[0.486s] Level 1:colcon.colcon_core.package_identification:_identify(log) ignored
[0.486s] Level 1:colcon.colcon_core.package_identification:_identify(src) by extensions ['ignore', 'ignore_ament_install']
[0.486s] Level 1:colcon.colcon_core.package_identification:_identify(src) by extension 'ignore'
[0.486s] Level 1:colcon.colcon_core.package_identification:_identify(src) by extension 'ignore_ament_install'
[0.486s] Level 1:colcon.colcon_core.package_identification:_identify(src) by extensions ['colcon_pkg']
[0.486s] Level 1:colcon.colcon_core.package_identification:_identify(src) by extension 'colcon_pkg'
[0.486s] Level 1:colcon.colcon_core.package_identification:_identify(src) by extensions ['colcon_meta']
[0.486s] Level 1:colcon.colcon_core.package_identification:_identify(src) by extension 'colcon_meta'
[0.486s] Level 1:colcon.colcon_core.package_identification:_identify(src) by extensions ['ros']
[0.486s] Level 1:colcon.colcon_core.package_identification:_identify(src) by extension 'ros'
[0.486s] Level 1:colcon.colcon_core.package_identification:_identify(src) by extensions ['cmake', 'python']
[0.486s] Level 1:colcon.colcon_core.package_identification:_identify(src) by extension 'cmake'
[0.486s] Level 1:colcon.colcon_core.package_identification:_identify(src) by extension 'python'
[0.486s] Level 1:colcon.colcon_core.package_identification:_identify(src) by extensions ['python_setup_py']
[0.486s] Level 1:colcon.colcon_core.package_identification:_identify(src) by extension 'python_setup_py'
[0.486s] Level 1:colcon.colcon_core.package_identification:_identify(src/robot_data_flow) by extensions ['ignore', 'ignore_ament_install']
[0.486s] Level 1:colcon.colcon_core.package_identification:_identify(src/robot_data_flow) by extension 'ignore'
[0.487s] Level 1:colcon.colcon_core.package_identification:_identify(src/robot_data_flow) by extension 'ignore_ament_install'
[0.487s] Level 1:colcon.colcon_core.package_identification:_identify(src/robot_data_flow) by extensions ['colcon_pkg']
[0.487s] Level 1:colcon.colcon_core.package_identification:_identify(src/robot_data_flow) by extension 'colcon_pkg'
[0.487s] Level 1:colcon.colcon_core.package_identification:_identify(src/robot_data_flow) by extensions ['colcon_meta']
[0.487s] Level 1:colcon.colcon_core.package_identification:_identify(src/robot_data_flow) by extension 'colcon_meta'
[0.487s] Level 1:colcon.colcon_core.package_identification:_identify(src/robot_data_flow) by extensions ['ros']
[0.487s] Level 1:colcon.colcon_core.package_identification:_identify(src/robot_data_flow) by extension 'ros'
[0.491s] DEBUG:colcon.colcon_core.package_identification:Package 'src/robot_data_flow' with type 'ros.ament_cmake' and name 'robot_data_flow'
[0.491s] Level 1:colcon.colcon_core.package_discovery:discover_packages(recursive) using defaults
[0.491s] Level 1:colcon.colcon_core.package_discovery:discover_packages(ignore) discover
[0.491s] Level 1:colcon.colcon_core.package_discovery:discover_packages(ignore) using defaults
[0.491s] Level 1:colcon.colcon_core.package_discovery:discover_packages(path) discover
[0.491s] Level 1:colcon.colcon_core.package_discovery:discover_packages(path) using defaults
[0.523s] Level 1:colcon.colcon_core.package_discovery:discover_packages(prefix_path) check parameters
[0.524s] Level 1:colcon.colcon_core.package_discovery:discover_packages(prefix_path) discover
[0.527s] DEBUG:colcon.colcon_installed_package_information.package_discovery:Found 1 installed packages in /home/linux/test_place/ros2_place/install
[0.529s] DEBUG:colcon.colcon_installed_package_information.package_discovery:Found 287 installed packages in /opt/ros/jazzy
[0.530s] Level 1:colcon.colcon_core.package_discovery:discover_packages(prefix_path) using defaults
[0.602s] Level 5:colcon.colcon_core.verb:set package 'robot_data_flow' build argument 'cmake_args' from command line to 'None'
[0.602s] Level 5:colcon.colcon_core.verb:set package 'robot_data_flow' build argument 'cmake_target' from command line to 'None'
[0.603s] Level 5:colcon.colcon_core.verb:set package 'robot_data_flow' build argument 'cmake_target_skip_unavailable' from command line to 'False'
[0.603s] Level 5:colcon.colcon_core.verb:set package 'robot_data_flow' build argument 'cmake_clean_cache' from command line to 'False'
[0.603s] Level 5:colcon.colcon_core.verb:set package 'robot_data_flow' build argument 'cmake_clean_first' from command line to 'False'
[0.603s] Level 5:colcon.colcon_core.verb:set package 'robot_data_flow' build argument 'cmake_force_configure' from command line to 'False'
[0.603s] Level 5:colcon.colcon_core.verb:set package 'robot_data_flow' build argument 'ament_cmake_args' from command line to 'None'
[0.603s] Level 5:colcon.colcon_core.verb:set package 'robot_data_flow' build argument 'catkin_cmake_args' from command line to 'None'
[0.603s] Level 5:colcon.colcon_core.verb:set package 'robot_data_flow' build argument 'catkin_skip_building_tests' from command line to 'False'
[0.603s] DEBUG:colcon.colcon_core.verb:Building package 'robot_data_flow' with the following arguments: {'ament_cmake_args': None, 'build_base': '/home/linux/test_place/ros2_projects/project_1/build/robot_data_flow', 'catkin_cmake_args': None, 'catkin_skip_building_tests': False, 'cmake_args': None, 'cmake_clean_cache': False, 'cmake_clean_first': False, 'cmake_force_configure': False, 'cmake_target': None, 'cmake_target_skip_unavailable': False, 'install_base': '/home/linux/test_place/ros2_projects/project_1/install/robot_data_flow', 'merge_install': False, 'path': '/home/linux/test_place/ros2_projects/project_1/src/robot_data_flow', 'symlink_install': False, 'test_result_base': None}
[0.603s] INFO:colcon.colcon_core.executor:Executing jobs using 'parallel' executor
[0.605s] DEBUG:colcon.colcon_parallel_executor.executor.parallel:run_until_complete
[0.605s] INFO:colcon.colcon_ros.task.ament_cmake.build:Building ROS package in '/home/linux/test_place/ros2_projects/project_1/src/robot_data_flow' with build type 'ament_cmake'
[0.606s] INFO:colcon.colcon_cmake.task.cmake.build:Building CMake package in '/home/linux/test_place/ros2_projects/project_1/src/robot_data_flow'
[0.611s] INFO:colcon.colcon_core.plugin_system:Skipping extension 'colcon_core.shell.bat': Not used on non-Windows systems
[0.611s] INFO:colcon.colcon_core.shell:Skip shell extension 'powershell' for command environment: Not usable outside of PowerShell
[0.611s] DEBUG:colcon.colcon_core.shell:Skip shell extension 'dsv' for command environment
[0.630s] DEBUG:colcon.colcon_core.event_handler.log_command:Invoking command in '/home/linux/test_place/ros2_projects/project_1/build/robot_data_flow': CMAKE_PREFIX_PATH=${CMAKE_PREFIX_PATH}:/opt/ros/jazzy CONDA_PROMPT_MODIFIER=(base) DEBUGINFOD_URLS=https://debuginfod.ubuntu.com /usr/bin/cmake /home/linux/test_place/ros2_projects/project_1/src/robot_data_flow -DCMAKE_INSTALL_PREFIX=/home/linux/test_place/ros2_projects/project_1/install/robot_data_flow
[8.041s] DEBUG:colcon.colcon_core.event_handler.log_command:Invoked command in '/home/linux/test_place/ros2_projects/project_1/build/robot_data_flow' returned '1': CMAKE_PREFIX_PATH=${CMAKE_PREFIX_PATH}:/opt/ros/jazzy CONDA_PROMPT_MODIFIER=(base) DEBUGINFOD_URLS=https://debuginfod.ubuntu.com /usr/bin/cmake /home/linux/test_place/ros2_projects/project_1/src/robot_data_flow -DCMAKE_INSTALL_PREFIX=/home/linux/test_place/ros2_projects/project_1/install/robot_data_flow
[8.060s] Level 1:colcon.colcon_core.environment:create_environment_scripts_only(robot_data_flow)
[8.064s] Level 1:colcon.colcon_core.environment:checking '/home/linux/test_place/ros2_projects/project_1/install/robot_data_flow' for CMake module files
[8.065s] Level 1:colcon.colcon_core.environment:checking '/home/linux/test_place/ros2_projects/project_1/install/robot_data_flow' for CMake config files
[8.065s] Level 1:colcon.colcon_core.environment:checking '/home/linux/test_place/ros2_projects/project_1/install/robot_data_flow/bin'
[8.066s] Level 1:colcon.colcon_core.environment:checking '/home/linux/test_place/ros2_projects/project_1/install/robot_data_flow/lib/pkgconfig/robot_data_flow.pc'
[8.066s] Level 1:colcon.colcon_core.environment:checking '/home/linux/test_place/ros2_projects/project_1/install/robot_data_flow/lib/python3.12/site-packages'
[8.066s] Level 1:colcon.colcon_core.environment:checking '/home/linux/test_place/ros2_projects/project_1/install/robot_data_flow/bin'
[8.066s] INFO:colcon.colcon_core.shell:Creating package script '/home/linux/test_place/ros2_projects/project_1/install/robot_data_flow/share/robot_data_flow/package.ps1'
[8.068s] INFO:colcon.colcon_core.shell:Creating package descriptor '/home/linux/test_place/ros2_projects/project_1/install/robot_data_flow/share/robot_data_flow/package.dsv'
[8.069s] INFO:colcon.colcon_core.shell:Creating package script '/home/linux/test_place/ros2_projects/project_1/install/robot_data_flow/share/robot_data_flow/package.sh'
[8.070s] INFO:colcon.colcon_core.shell:Creating package script '/home/linux/test_place/ros2_projects/project_1/install/robot_data_flow/share/robot_data_flow/package.bash'
[8.070s] INFO:colcon.colcon_core.shell:Creating package script '/home/linux/test_place/ros2_projects/project_1/install/robot_data_flow/share/robot_data_flow/package.zsh'
[8.071s] Level 1:colcon.colcon_core.environment:create_file_with_runtime_dependencies(/home/linux/test_place/ros2_projects/project_1/install/robot_data_flow/share/colcon-core/packages/robot_data_flow)
[8.083s] DEBUG:colcon.colcon_parallel_executor.executor.parallel:closing loop
[8.083s] DEBUG:colcon.colcon_parallel_executor.executor.parallel:loop closed
[8.083s] DEBUG:colcon.colcon_parallel_executor.executor.parallel:run_until_complete finished with '1'
[8.084s] DEBUG:colcon.colcon_core.event_reactor:joining thread
[8.190s] INFO:colcon.colcon_core.plugin_system:Skipping extension 'colcon_notification.desktop_notification.notify_send': Could not find 'notify-send'
[8.190s] INFO:colcon.colcon_core.plugin_system:Skipping extension 'colcon_notification.desktop_notification.terminal_notifier': Not used on non-Darwin systems
[8.190s] INFO:colcon.colcon_core.plugin_system:Skipping extension 'colcon_notification.desktop_notification.win32': Not used on non-Windows systems
[8.190s] INFO:colcon.colcon_notification.desktop_notification:Sending desktop notification using 'notify2'
[8.195s] DEBUG:colcon.colcon_notification.desktop_notification.notify2:Failed to initialize notify2: org.freedesktop.DBus.Error.ServiceUnknown: The name org.freedesktop.Notifications was not provided by any .service files
[8.196s] DEBUG:colcon.colcon_core.event_reactor:joined thread
[8.196s] INFO:colcon.colcon_core.shell:Creating prefix script '/home/linux/test_place/ros2_projects/project_1/install/local_setup.ps1'
[8.198s] INFO:colcon.colcon_core.shell:Creating prefix util module '/home/linux/test_place/ros2_projects/project_1/install/_local_setup_util_ps1.py'
[8.200s] INFO:colcon.colcon_core.shell:Creating prefix chain script '/home/linux/test_place/ros2_projects/project_1/install/setup.ps1'
[8.202s] INFO:colcon.colcon_core.shell:Creating prefix script '/home/linux/test_place/ros2_projects/project_1/install/local_setup.sh'
[8.203s] INFO:colcon.colcon_core.shell:Creating prefix util module '/home/linux/test_place/ros2_projects/project_1/install/_local_setup_util_sh.py'
[8.204s] INFO:colcon.colcon_core.shell:Creating prefix chain script '/home/linux/test_place/ros2_projects/project_1/install/setup.sh'
[8.206s] INFO:colcon.colcon_core.shell:Creating prefix script '/home/linux/test_place/ros2_projects/project_1/install/local_setup.bash'
[8.207s] INFO:colcon.colcon_core.shell:Creating prefix chain script '/home/linux/test_place/ros2_projects/project_1/install/setup.bash'
[8.207s] INFO:colcon.colcon_core.shell:Creating prefix script '/home/linux/test_place/ros2_projects/project_1/install/local_setup.zsh'
[8.208s] INFO:colcon.colcon_core.shell:Creating prefix chain script '/home/linux/test_place/ros2_projects/project_1/install/setup.zsh'
