[1.420s] Invoking command in '/home/linux/test_place/ros2_projects/project_1/src/my_robot_description': DEBUGINFOD_URLS=https://debuginfod.ubuntu.com PYTHONPATH=/home/linux/test_place/ros2_projects/project_1/build/my_robot_description/prefix_override:/usr/lib/python3/dist-packages/colcon_core/task/python/colcon_distutils_commands:/home/linux/test_place/ros2_projects/project_1/install/my_robot_description/lib/python3.12/site-packages:${PYTHONPATH} /usr/bin/python3 -W ignore:setup.py install is deprecated -W ignore:easy_install command is deprecated setup.py egg_info --egg-base ../../build/my_robot_description build --build-base /home/linux/test_place/ros2_projects/project_1/build/my_robot_description/build install --record /home/linux/test_place/ros2_projects/project_1/build/my_robot_description/install.log --single-version-externally-managed install_data
[1.698s] running egg_info
[1.698s] creating ../../build/my_robot_description/my_robot_description.egg-info
[1.714s] writing ../../build/my_robot_description/my_robot_description.egg-info/PKG-INFO
[1.715s] writing dependency_links to ../../build/my_robot_description/my_robot_description.egg-info/dependency_links.txt
[1.715s] writing requirements to ../../build/my_robot_description/my_robot_description.egg-info/requires.txt
[1.715s] writing top-level names to ../../build/my_robot_description/my_robot_description.egg-info/top_level.txt
[1.716s] writing manifest file '../../build/my_robot_description/my_robot_description.egg-info/SOURCES.txt'
[1.752s] reading manifest file '../../build/my_robot_description/my_robot_description.egg-info/SOURCES.txt'
[1.753s] writing manifest file '../../build/my_robot_description/my_robot_description.egg-info/SOURCES.txt'
[1.753s] running build
[1.754s] running build_py
[1.754s] creating /home/linux/test_place/ros2_projects/project_1/build/my_robot_description/build
[1.754s] creating /home/linux/test_place/ros2_projects/project_1/build/my_robot_description/build/lib
[1.755s] creating /home/linux/test_place/ros2_projects/project_1/build/my_robot_description/build/lib/my_robot_description
[1.755s] copying my_robot_description/__init__.py -> /home/linux/test_place/ros2_projects/project_1/build/my_robot_description/build/lib/my_robot_description
[1.755s] running install
[1.762s] running install_lib
[1.780s] creating /home/linux/test_place/ros2_projects/project_1/install/my_robot_description/lib/python3.12/site-packages/my_robot_description
[1.780s] copying /home/linux/test_place/ros2_projects/project_1/build/my_robot_description/build/lib/my_robot_description/__init__.py -> /home/linux/test_place/ros2_projects/project_1/install/my_robot_description/lib/python3.12/site-packages/my_robot_description
[1.781s] byte-compiling /home/linux/test_place/ros2_projects/project_1/install/my_robot_description/lib/python3.12/site-packages/my_robot_description/__init__.py to __init__.cpython-312.pyc
[1.782s] running install_data
[1.783s] creating /home/linux/test_place/ros2_projects/project_1/install/my_robot_description/share/ament_index
[1.783s] creating /home/linux/test_place/ros2_projects/project_1/install/my_robot_description/share/ament_index/resource_index
[1.783s] creating /home/linux/test_place/ros2_projects/project_1/install/my_robot_description/share/ament_index/resource_index/packages
[1.783s] copying resource/my_robot_description -> /home/linux/test_place/ros2_projects/project_1/install/my_robot_description/share/ament_index/resource_index/packages
[1.784s] copying package.xml -> /home/linux/test_place/ros2_projects/project_1/install/my_robot_description/share/my_robot_description
[1.784s] creating /home/linux/test_place/ros2_projects/project_1/install/my_robot_description/share/my_robot_description/urdf
[1.785s] copying urdf/base.urdf -> /home/linux/test_place/ros2_projects/project_1/install/my_robot_description/share/my_robot_description/urdf
[1.785s] creating /home/linux/test_place/ros2_projects/project_1/install/my_robot_description/share/my_robot_description/launch
[1.785s] copying launch/display.launch.py -> /home/linux/test_place/ros2_projects/project_1/install/my_robot_description/share/my_robot_description/launch
[1.785s] running install_egg_info
[1.803s] Copying ../../build/my_robot_description/my_robot_description.egg-info to /home/linux/test_place/ros2_projects/project_1/install/my_robot_description/lib/python3.12/site-packages/my_robot_description-0.0.0-py3.12.egg-info
[1.804s] running install_scripts
[1.930s] writing list of installed files to '/home/linux/test_place/ros2_projects/project_1/build/my_robot_description/install.log'
[1.967s] Invoked command in '/home/linux/test_place/ros2_projects/project_1/src/my_robot_description' returned '0': DEBUGINFOD_URLS=https://debuginfod.ubuntu.com PYTHONPATH=/home/linux/test_place/ros2_projects/project_1/build/my_robot_description/prefix_override:/usr/lib/python3/dist-packages/colcon_core/task/python/colcon_distutils_commands:/home/linux/test_place/ros2_projects/project_1/install/my_robot_description/lib/python3.12/site-packages:${PYTHONPATH} /usr/bin/python3 -W ignore:setup.py install is deprecated -W ignore:easy_install command is deprecated setup.py egg_info --egg-base ../../build/my_robot_description build --build-base /home/linux/test_place/ros2_projects/project_1/build/my_robot_description/build install --record /home/linux/test_place/ros2_projects/project_1/build/my_robot_description/install.log --single-version-externally-managed install_data
