[0.280s] DEBUG:colcon:Command line arguments: ['/usr/bin/colcon', 'build', '--packages-select', 'my_robot_description']
[0.280s] DEBUG:colcon:Parsed command line arguments: Namespace(log_base=None, log_level=None, verb_name='build', build_base='build', install_base='install', merge_install=False, symlink_install=False, test_result_base=None, continue_on_error=False, executor='parallel', parallel_workers=32, event_handlers=None, ignore_user_meta=False, metas=['./colcon.meta'], base_paths=['.'], packages_ignore=None, packages_ignore_regex=None, paths=None, packages_up_to=None, packages_up_to_regex=None, packages_above=None, packages_above_and_dependencies=None, packages_above_depth=None, packages_select_by_dep=None, packages_skip_by_dep=None, packages_skip_up_to=None, packages_select_build_failed=False, packages_skip_build_finished=False, packages_select_test_failures=False, packages_skip_test_passed=False, packages_select=['my_robot_description'], packages_skip=None, packages_select_regex=None, packages_skip_regex=None, packages_start=None, packages_end=None, allow_overriding=[], cmake_args=None, cmake_target=None, cmake_target_skip_unavailable=False, cmake_clean_cache=False, cmake_clean_first=False, cmake_force_configure=False, ament_cmake_args=None, catkin_cmake_args=None, catkin_skip_building_tests=False, verb_parser=<colcon_defaults.argument_parser.defaults.DefaultArgumentsDecorator object at 0x71312054ecf0>, verb_extension=<colcon_core.verb.build.BuildVerb object at 0x713120693170>, main=<bound method BuildVerb.main of <colcon_core.verb.build.BuildVerb object at 0x713120693170>>)
[0.333s] Level 1:colcon.colcon_core.package_discovery:discover_packages(colcon_meta) check parameters
[0.333s] Level 1:colcon.colcon_core.package_discovery:discover_packages(recursive) check parameters
[0.333s] Level 1:colcon.colcon_core.package_discovery:discover_packages(ignore) check parameters
[0.333s] Level 1:colcon.colcon_core.package_discovery:discover_packages(path) check parameters
[0.333s] Level 1:colcon.colcon_core.package_discovery:discover_packages(colcon_meta) discover
[0.334s] Level 1:colcon.colcon_core.package_discovery:discover_packages(recursive) discover
[0.334s] INFO:colcon.colcon_core.package_discovery:Crawling recursively for packages in '/home/linux/test_place/ros2_projects/project_1'
[0.334s] Level 1:colcon.colcon_core.package_identification:_identify(.) by extensions ['ignore', 'ignore_ament_install']
[0.334s] Level 1:colcon.colcon_core.package_identification:_identify(.) by extension 'ignore'
[0.334s] Level 1:colcon.colcon_core.package_identification:_identify(.) by extension 'ignore_ament_install'
[0.334s] Level 1:colcon.colcon_core.package_identification:_identify(.) by extensions ['colcon_pkg']
[0.335s] Level 1:colcon.colcon_core.package_identification:_identify(.) by extension 'colcon_pkg'
[0.335s] Level 1:colcon.colcon_core.package_identification:_identify(.) by extensions ['colcon_meta']
[0.335s] Level 1:colcon.colcon_core.package_identification:_identify(.) by extension 'colcon_meta'
[0.335s] Level 1:colcon.colcon_core.package_identification:_identify(.) by extensions ['ros']
[0.335s] Level 1:colcon.colcon_core.package_identification:_identify(.) by extension 'ros'
[0.369s] Level 1:colcon.colcon_core.package_identification:_identify(.) by extensions ['cmake', 'python']
[0.369s] Level 1:colcon.colcon_core.package_identification:_identify(.) by extension 'cmake'
[0.370s] Level 1:colcon.colcon_core.package_identification:_identify(.) by extension 'python'
[0.370s] Level 1:colcon.colcon_core.package_identification:_identify(.) by extensions ['python_setup_py']
[0.370s] Level 1:colcon.colcon_core.package_identification:_identify(.) by extension 'python_setup_py'
[0.370s] Level 1:colcon.colcon_core.package_identification:_identify(bags) by extensions ['ignore', 'ignore_ament_install']
[0.370s] Level 1:colcon.colcon_core.package_identification:_identify(bags) by extension 'ignore'
[0.370s] Level 1:colcon.colcon_core.package_identification:_identify(bags) by extension 'ignore_ament_install'
[0.371s] Level 1:colcon.colcon_core.package_identification:_identify(bags) by extensions ['colcon_pkg']
[0.371s] Level 1:colcon.colcon_core.package_identification:_identify(bags) by extension 'colcon_pkg'
[0.371s] Level 1:colcon.colcon_core.package_identification:_identify(bags) by extensions ['colcon_meta']
[0.371s] Level 1:colcon.colcon_core.package_identification:_identify(bags) by extension 'colcon_meta'
[0.371s] Level 1:colcon.colcon_core.package_identification:_identify(bags) by extensions ['ros']
[0.371s] Level 1:colcon.colcon_core.package_identification:_identify(bags) by extension 'ros'
[0.371s] Level 1:colcon.colcon_core.package_identification:_identify(bags) by extensions ['cmake', 'python']
[0.372s] Level 1:colcon.colcon_core.package_identification:_identify(bags) by extension 'cmake'
[0.372s] Level 1:colcon.colcon_core.package_identification:_identify(bags) by extension 'python'
[0.372s] Level 1:colcon.colcon_core.package_identification:_identify(bags) by extensions ['python_setup_py']
[0.372s] Level 1:colcon.colcon_core.package_identification:_identify(bags) by extension 'python_setup_py'
[0.372s] Level 1:colcon.colcon_core.package_identification:_identify(bags/my_50hz_bag) by extensions ['ignore', 'ignore_ament_install']
[0.372s] Level 1:colcon.colcon_core.package_identification:_identify(bags/my_50hz_bag) by extension 'ignore'
[0.373s] Level 1:colcon.colcon_core.package_identification:_identify(bags/my_50hz_bag) by extension 'ignore_ament_install'
[0.373s] Level 1:colcon.colcon_core.package_identification:_identify(bags/my_50hz_bag) by extensions ['colcon_pkg']
[0.373s] Level 1:colcon.colcon_core.package_identification:_identify(bags/my_50hz_bag) by extension 'colcon_pkg'
[0.373s] Level 1:colcon.colcon_core.package_identification:_identify(bags/my_50hz_bag) by extensions ['colcon_meta']
[0.373s] Level 1:colcon.colcon_core.package_identification:_identify(bags/my_50hz_bag) by extension 'colcon_meta'
[0.373s] Level 1:colcon.colcon_core.package_identification:_identify(bags/my_50hz_bag) by extensions ['ros']
[0.373s] Level 1:colcon.colcon_core.package_identification:_identify(bags/my_50hz_bag) by extension 'ros'
[0.374s] Level 1:colcon.colcon_core.package_identification:_identify(bags/my_50hz_bag) by extensions ['cmake', 'python']
[0.374s] Level 1:colcon.colcon_core.package_identification:_identify(bags/my_50hz_bag) by extension 'cmake'
[0.374s] Level 1:colcon.colcon_core.package_identification:_identify(bags/my_50hz_bag) by extension 'python'
[0.374s] Level 1:colcon.colcon_core.package_identification:_identify(bags/my_50hz_bag) by extensions ['python_setup_py']
[0.374s] Level 1:colcon.colcon_core.package_identification:_identify(bags/my_50hz_bag) by extension 'python_setup_py'
[0.374s] Level 1:colcon.colcon_core.package_identification:_identify(bags/my_circle_bag) by extensions ['ignore', 'ignore_ament_install']
[0.375s] Level 1:colcon.colcon_core.package_identification:_identify(bags/my_circle_bag) by extension 'ignore'
[0.375s] Level 1:colcon.colcon_core.package_identification:_identify(bags/my_circle_bag) by extension 'ignore_ament_install'
[0.375s] Level 1:colcon.colcon_core.package_identification:_identify(bags/my_circle_bag) by extensions ['colcon_pkg']
[0.375s] Level 1:colcon.colcon_core.package_identification:_identify(bags/my_circle_bag) by extension 'colcon_pkg'
[0.375s] Level 1:colcon.colcon_core.package_identification:_identify(bags/my_circle_bag) by extensions ['colcon_meta']
[0.375s] Level 1:colcon.colcon_core.package_identification:_identify(bags/my_circle_bag) by extension 'colcon_meta'
[0.375s] Level 1:colcon.colcon_core.package_identification:_identify(bags/my_circle_bag) by extensions ['ros']
[0.375s] Level 1:colcon.colcon_core.package_identification:_identify(bags/my_circle_bag) by extension 'ros'
[0.376s] Level 1:colcon.colcon_core.package_identification:_identify(bags/my_circle_bag) by extensions ['cmake', 'python']
[0.376s] Level 1:colcon.colcon_core.package_identification:_identify(bags/my_circle_bag) by extension 'cmake'
[0.376s] Level 1:colcon.colcon_core.package_identification:_identify(bags/my_circle_bag) by extension 'python'
[0.376s] Level 1:colcon.colcon_core.package_identification:_identify(bags/my_circle_bag) by extensions ['python_setup_py']
[0.376s] Level 1:colcon.colcon_core.package_identification:_identify(bags/my_circle_bag) by extension 'python_setup_py'
[0.376s] Level 1:colcon.colcon_core.package_identification:_identify(build) by extensions ['ignore', 'ignore_ament_install']
[0.377s] Level 1:colcon.colcon_core.package_identification:_identify(build) by extension 'ignore'
[0.377s] Level 1:colcon.colcon_core.package_identification:_identify(build) ignored
[0.377s] Level 1:colcon.colcon_core.package_identification:_identify(install) by extensions ['ignore', 'ignore_ament_install']
[0.377s] Level 1:colcon.colcon_core.package_identification:_identify(install) by extension 'ignore'
[0.377s] Level 1:colcon.colcon_core.package_identification:_identify(install) ignored
[0.378s] Level 1:colcon.colcon_core.package_identification:_identify(log) by extensions ['ignore', 'ignore_ament_install']
[0.378s] Level 1:colcon.colcon_core.package_identification:_identify(log) by extension 'ignore'
[0.378s] Level 1:colcon.colcon_core.package_identification:_identify(log) ignored
[0.378s] Level 1:colcon.colcon_core.package_identification:_identify(session_01) by extensions ['ignore', 'ignore_ament_install']
[0.379s] Level 1:colcon.colcon_core.package_identification:_identify(session_01) by extension 'ignore'
[0.379s] Level 1:colcon.colcon_core.package_identification:_identify(session_01) by extension 'ignore_ament_install'
[0.379s] Level 1:colcon.colcon_core.package_identification:_identify(session_01) by extensions ['colcon_pkg']
[0.379s] Level 1:colcon.colcon_core.package_identification:_identify(session_01) by extension 'colcon_pkg'
[0.379s] Level 1:colcon.colcon_core.package_identification:_identify(session_01) by extensions ['colcon_meta']
[0.379s] Level 1:colcon.colcon_core.package_identification:_identify(session_01) by extension 'colcon_meta'
[0.379s] Level 1:colcon.colcon_core.package_identification:_identify(session_01) by extensions ['ros']
[0.379s] Level 1:colcon.colcon_core.package_identification:_identify(session_01) by extension 'ros'
[0.380s] Level 1:colcon.colcon_core.package_identification:_identify(session_01) by extensions ['cmake', 'python']
[0.380s] Level 1:colcon.colcon_core.package_identification:_identify(session_01) by extension 'cmake'
[0.380s] Level 1:colcon.colcon_core.package_identification:_identify(session_01) by extension 'python'
[0.380s] Level 1:colcon.colcon_core.package_identification:_identify(session_01) by extensions ['python_setup_py']
[0.380s] Level 1:colcon.colcon_core.package_identification:_identify(session_01) by extension 'python_setup_py'
[0.380s] Level 1:colcon.colcon_core.package_identification:_identify(src) by extensions ['ignore', 'ignore_ament_install']
[0.381s] Level 1:colcon.colcon_core.package_identification:_identify(src) by extension 'ignore'
[0.381s] Level 1:colcon.colcon_core.package_identification:_identify(src) by extension 'ignore_ament_install'
[0.381s] Level 1:colcon.colcon_core.package_identification:_identify(src) by extensions ['colcon_pkg']
[0.381s] Level 1:colcon.colcon_core.package_identification:_identify(src) by extension 'colcon_pkg'
[0.381s] Level 1:colcon.colcon_core.package_identification:_identify(src) by extensions ['colcon_meta']
[0.381s] Level 1:colcon.colcon_core.package_identification:_identify(src) by extension 'colcon_meta'
[0.381s] Level 1:colcon.colcon_core.package_identification:_identify(src) by extensions ['ros']
[0.381s] Level 1:colcon.colcon_core.package_identification:_identify(src) by extension 'ros'
[0.382s] Level 1:colcon.colcon_core.package_identification:_identify(src) by extensions ['cmake', 'python']
[0.382s] Level 1:colcon.colcon_core.package_identification:_identify(src) by extension 'cmake'
[0.382s] Level 1:colcon.colcon_core.package_identification:_identify(src) by extension 'python'
[0.382s] Level 1:colcon.colcon_core.package_identification:_identify(src) by extensions ['python_setup_py']
[0.382s] Level 1:colcon.colcon_core.package_identification:_identify(src) by extension 'python_setup_py'
[0.382s] Level 1:colcon.colcon_core.package_identification:_identify(src/my_robot_description) by extensions ['ignore', 'ignore_ament_install']
[0.383s] Level 1:colcon.colcon_core.package_identification:_identify(src/my_robot_description) by extension 'ignore'
[0.383s] Level 1:colcon.colcon_core.package_identification:_identify(src/my_robot_description) by extension 'ignore_ament_install'
[0.383s] Level 1:colcon.colcon_core.package_identification:_identify(src/my_robot_description) by extensions ['colcon_pkg']
[0.383s] Level 1:colcon.colcon_core.package_identification:_identify(src/my_robot_description) by extension 'colcon_pkg'
[0.383s] Level 1:colcon.colcon_core.package_identification:_identify(src/my_robot_description) by extensions ['colcon_meta']
[0.383s] Level 1:colcon.colcon_core.package_identification:_identify(src/my_robot_description) by extension 'colcon_meta'
[0.383s] Level 1:colcon.colcon_core.package_identification:_identify(src/my_robot_description) by extensions ['ros']
[0.383s] Level 1:colcon.colcon_core.package_identification:_identify(src/my_robot_description) by extension 'ros'
[0.387s] DEBUG:colcon.colcon_core.package_identification:Package 'src/my_robot_description' with type 'ros.ament_cmake' and name 'my_robot_description'
[0.387s] Level 1:colcon.colcon_core.package_identification:_identify(src/robot_data_flow) by extensions ['ignore', 'ignore_ament_install']
[0.387s] Level 1:colcon.colcon_core.package_identification:_identify(src/robot_data_flow) by extension 'ignore'
[0.387s] Level 1:colcon.colcon_core.package_identification:_identify(src/robot_data_flow) by extension 'ignore_ament_install'
[0.387s] Level 1:colcon.colcon_core.package_identification:_identify(src/robot_data_flow) by extensions ['colcon_pkg']
[0.388s] Level 1:colcon.colcon_core.package_identification:_identify(src/robot_data_flow) by extension 'colcon_pkg'
[0.388s] Level 1:colcon.colcon_core.package_identification:_identify(src/robot_data_flow) by extensions ['colcon_meta']
[0.388s] Level 1:colcon.colcon_core.package_identification:_identify(src/robot_data_flow) by extension 'colcon_meta'
[0.388s] Level 1:colcon.colcon_core.package_identification:_identify(src/robot_data_flow) by extensions ['ros']
[0.388s] Level 1:colcon.colcon_core.package_identification:_identify(src/robot_data_flow) by extension 'ros'
[0.389s] DEBUG:colcon.colcon_core.package_identification:Package 'src/robot_data_flow' with type 'ros.ament_cmake' and name 'robot_data_flow'
[0.389s] Level 1:colcon.colcon_core.package_discovery:discover_packages(recursive) using defaults
[0.389s] Level 1:colcon.colcon_core.package_discovery:discover_packages(ignore) discover
[0.389s] Level 1:colcon.colcon_core.package_discovery:discover_packages(ignore) using defaults
[0.389s] Level 1:colcon.colcon_core.package_discovery:discover_packages(path) discover
[0.390s] Level 1:colcon.colcon_core.package_discovery:discover_packages(path) using defaults
[0.413s] INFO:colcon.colcon_core.package_selection:Skipping not selected package 'robot_data_flow' in 'src/robot_data_flow'
[0.413s] Level 1:colcon.colcon_core.package_discovery:discover_packages(prefix_path) check parameters
[0.414s] Level 1:colcon.colcon_core.package_discovery:discover_packages(prefix_path) discover
[0.416s] DEBUG:colcon.colcon_installed_package_information.package_discovery:Found 2 installed packages in /home/linux/test_place/ros2_projects/project_1/install
[0.418s] DEBUG:colcon.colcon_installed_package_information.package_discovery:Found 292 installed packages in /opt/ros/jazzy
[0.419s] Level 1:colcon.colcon_core.package_discovery:discover_packages(prefix_path) using defaults
[0.467s] Level 5:colcon.colcon_core.verb:set package 'my_robot_description' build argument 'cmake_args' from command line to 'None'
[0.467s] Level 5:colcon.colcon_core.verb:set package 'my_robot_description' build argument 'cmake_target' from command line to 'None'
[0.467s] Level 5:colcon.colcon_core.verb:set package 'my_robot_description' build argument 'cmake_target_skip_unavailable' from command line to 'False'
[0.467s] Level 5:colcon.colcon_core.verb:set package 'my_robot_description' build argument 'cmake_clean_cache' from command line to 'False'
[0.467s] Level 5:colcon.colcon_core.verb:set package 'my_robot_description' build argument 'cmake_clean_first' from command line to 'False'
[0.467s] Level 5:colcon.colcon_core.verb:set package 'my_robot_description' build argument 'cmake_force_configure' from command line to 'False'
[0.467s] Level 5:colcon.colcon_core.verb:set package 'my_robot_description' build argument 'ament_cmake_args' from command line to 'None'
[0.467s] Level 5:colcon.colcon_core.verb:set package 'my_robot_description' build argument 'catkin_cmake_args' from command line to 'None'
[0.467s] Level 5:colcon.colcon_core.verb:set package 'my_robot_description' build argument 'catkin_skip_building_tests' from command line to 'False'
[0.467s] DEBUG:colcon.colcon_core.verb:Building package 'my_robot_description' with the following arguments: {'ament_cmake_args': None, 'build_base': '/home/linux/test_place/ros2_projects/project_1/build/my_robot_description', 'catkin_cmake_args': None, 'catkin_skip_building_tests': False, 'cmake_args': None, 'cmake_clean_cache': False, 'cmake_clean_first': False, 'cmake_force_configure': False, 'cmake_target': None, 'cmake_target_skip_unavailable': False, 'install_base': '/home/linux/test_place/ros2_projects/project_1/install/my_robot_description', 'merge_install': False, 'path': '/home/linux/test_place/ros2_projects/project_1/src/my_robot_description', 'symlink_install': False, 'test_result_base': None}
[0.467s] INFO:colcon.colcon_core.executor:Executing jobs using 'parallel' executor
[0.469s] DEBUG:colcon.colcon_parallel_executor.executor.parallel:run_until_complete
[0.469s] INFO:colcon.colcon_ros.task.ament_cmake.build:Building ROS package in '/home/linux/test_place/ros2_projects/project_1/src/my_robot_description' with build type 'ament_cmake'
[0.470s] INFO:colcon.colcon_cmake.task.cmake.build:Building CMake package in '/home/linux/test_place/ros2_projects/project_1/src/my_robot_description'
[0.474s] INFO:colcon.colcon_core.plugin_system:Skipping extension 'colcon_core.shell.bat': Not used on non-Windows systems
[0.474s] INFO:colcon.colcon_core.shell:Skip shell extension 'powershell' for command environment: Not usable outside of PowerShell
[0.474s] DEBUG:colcon.colcon_core.shell:Skip shell extension 'dsv' for command environment
[0.491s] DEBUG:colcon.colcon_core.event_handler.log_command:Invoking command in '/home/linux/test_place/ros2_projects/project_1/build/my_robot_description': CMAKE_PREFIX_PATH=${CMAKE_PREFIX_PATH}:/opt/ros/jazzy DEBUGINFOD_URLS=https://debuginfod.ubuntu.com /usr/bin/cmake --build /home/linux/test_place/ros2_projects/project_1/build/my_robot_description -- -j32 -l32
[0.533s] DEBUG:colcon.colcon_core.event_handler.log_command:Invoked command in '/home/linux/test_place/ros2_projects/project_1/build/my_robot_description' returned '0': CMAKE_PREFIX_PATH=${CMAKE_PREFIX_PATH}:/opt/ros/jazzy DEBUGINFOD_URLS=https://debuginfod.ubuntu.com /usr/bin/cmake --build /home/linux/test_place/ros2_projects/project_1/build/my_robot_description -- -j32 -l32
[0.545s] DEBUG:colcon.colcon_core.event_handler.log_command:Invoking command in '/home/linux/test_place/ros2_projects/project_1/build/my_robot_description': CMAKE_PREFIX_PATH=${CMAKE_PREFIX_PATH}:/opt/ros/jazzy DEBUGINFOD_URLS=https://debuginfod.ubuntu.com /usr/bin/cmake --install /home/linux/test_place/ros2_projects/project_1/build/my_robot_description
[0.560s] Level 1:colcon.colcon_core.environment:create_environment_scripts_only(my_robot_description)
[0.562s] DEBUG:colcon.colcon_core.event_handler.log_command:Invoked command in '/home/linux/test_place/ros2_projects/project_1/build/my_robot_description' returned '0': CMAKE_PREFIX_PATH=${CMAKE_PREFIX_PATH}:/opt/ros/jazzy DEBUGINFOD_URLS=https://debuginfod.ubuntu.com /usr/bin/cmake --install /home/linux/test_place/ros2_projects/project_1/build/my_robot_description
[0.564s] Level 1:colcon.colcon_core.environment:checking '/home/linux/test_place/ros2_projects/project_1/install/my_robot_description' for CMake module files
[0.565s] Level 1:colcon.colcon_core.environment:checking '/home/linux/test_place/ros2_projects/project_1/install/my_robot_description' for CMake config files
[0.566s] Level 1:colcon.colcon_core.shell:create_environment_hook('my_robot_description', 'cmake_prefix_path')
[0.566s] INFO:colcon.colcon_core.shell:Creating environment hook '/home/linux/test_place/ros2_projects/project_1/install/my_robot_description/share/my_robot_description/hook/cmake_prefix_path.ps1'
[0.567s] INFO:colcon.colcon_core.shell:Creating environment descriptor '/home/linux/test_place/ros2_projects/project_1/install/my_robot_description/share/my_robot_description/hook/cmake_prefix_path.dsv'
[0.568s] INFO:colcon.colcon_core.shell:Creating environment hook '/home/linux/test_place/ros2_projects/project_1/install/my_robot_description/share/my_robot_description/hook/cmake_prefix_path.sh'
[0.570s] Level 1:colcon.colcon_core.environment:checking '/home/linux/test_place/ros2_projects/project_1/install/my_robot_description/lib'
[0.570s] Level 1:colcon.colcon_core.environment:checking '/home/linux/test_place/ros2_projects/project_1/install/my_robot_description/bin'
[0.570s] Level 1:colcon.colcon_core.environment:checking '/home/linux/test_place/ros2_projects/project_1/install/my_robot_description/lib/pkgconfig/my_robot_description.pc'
[0.571s] Level 1:colcon.colcon_core.environment:checking '/home/linux/test_place/ros2_projects/project_1/install/my_robot_description/lib/python3.12/site-packages'
[0.571s] Level 1:colcon.colcon_core.shell:create_environment_hook('my_robot_description', 'pythonpath')
[0.571s] INFO:colcon.colcon_core.shell:Creating environment hook '/home/linux/test_place/ros2_projects/project_1/install/my_robot_description/share/my_robot_description/hook/pythonpath.ps1'
[0.572s] INFO:colcon.colcon_core.shell:Creating environment descriptor '/home/linux/test_place/ros2_projects/project_1/install/my_robot_description/share/my_robot_description/hook/pythonpath.dsv'
[0.573s] INFO:colcon.colcon_core.shell:Creating environment hook '/home/linux/test_place/ros2_projects/project_1/install/my_robot_description/share/my_robot_description/hook/pythonpath.sh'
[0.574s] Level 1:colcon.colcon_core.environment:checking '/home/linux/test_place/ros2_projects/project_1/install/my_robot_description/bin'
[0.574s] INFO:colcon.colcon_core.shell:Creating package script '/home/linux/test_place/ros2_projects/project_1/install/my_robot_description/share/my_robot_description/package.ps1'
[0.576s] INFO:colcon.colcon_core.shell:Creating package descriptor '/home/linux/test_place/ros2_projects/project_1/install/my_robot_description/share/my_robot_description/package.dsv'
[0.577s] INFO:colcon.colcon_core.shell:Creating package script '/home/linux/test_place/ros2_projects/project_1/install/my_robot_description/share/my_robot_description/package.sh'
[0.578s] INFO:colcon.colcon_core.shell:Creating package script '/home/linux/test_place/ros2_projects/project_1/install/my_robot_description/share/my_robot_description/package.bash'
[0.579s] INFO:colcon.colcon_core.shell:Creating package script '/home/linux/test_place/ros2_projects/project_1/install/my_robot_description/share/my_robot_description/package.zsh'
[0.580s] Level 1:colcon.colcon_core.environment:create_file_with_runtime_dependencies(/home/linux/test_place/ros2_projects/project_1/install/my_robot_description/share/colcon-core/packages/my_robot_description)
[0.581s] Level 1:colcon.colcon_core.environment:create_environment_scripts_only(my_robot_description)
[0.582s] Level 1:colcon.colcon_core.environment:checking '/home/linux/test_place/ros2_projects/project_1/install/my_robot_description' for CMake module files
[0.582s] Level 1:colcon.colcon_core.environment:checking '/home/linux/test_place/ros2_projects/project_1/install/my_robot_description' for CMake config files
[0.583s] Level 1:colcon.colcon_core.shell:create_environment_hook('my_robot_description', 'cmake_prefix_path')
[0.583s] INFO:colcon.colcon_core.shell:Creating environment hook '/home/linux/test_place/ros2_projects/project_1/install/my_robot_description/share/my_robot_description/hook/cmake_prefix_path.ps1'
[0.584s] INFO:colcon.colcon_core.shell:Creating environment descriptor '/home/linux/test_place/ros2_projects/project_1/install/my_robot_description/share/my_robot_description/hook/cmake_prefix_path.dsv'
[0.585s] INFO:colcon.colcon_core.shell:Creating environment hook '/home/linux/test_place/ros2_projects/project_1/install/my_robot_description/share/my_robot_description/hook/cmake_prefix_path.sh'
[0.586s] Level 1:colcon.colcon_core.environment:checking '/home/linux/test_place/ros2_projects/project_1/install/my_robot_description/lib'
[0.586s] Level 1:colcon.colcon_core.environment:checking '/home/linux/test_place/ros2_projects/project_1/install/my_robot_description/bin'
[0.587s] Level 1:colcon.colcon_core.environment:checking '/home/linux/test_place/ros2_projects/project_1/install/my_robot_description/lib/pkgconfig/my_robot_description.pc'
[0.587s] Level 1:colcon.colcon_core.environment:checking '/home/linux/test_place/ros2_projects/project_1/install/my_robot_description/lib/python3.12/site-packages'
[0.587s] Level 1:colcon.colcon_core.shell:create_environment_hook('my_robot_description', 'pythonpath')
[0.588s] INFO:colcon.colcon_core.shell:Creating environment hook '/home/linux/test_place/ros2_projects/project_1/install/my_robot_description/share/my_robot_description/hook/pythonpath.ps1'
[0.589s] INFO:colcon.colcon_core.shell:Creating environment descriptor '/home/linux/test_place/ros2_projects/project_1/install/my_robot_description/share/my_robot_description/hook/pythonpath.dsv'
[0.590s] INFO:colcon.colcon_core.shell:Creating environment hook '/home/linux/test_place/ros2_projects/project_1/install/my_robot_description/share/my_robot_description/hook/pythonpath.sh'
[0.591s] Level 1:colcon.colcon_core.environment:checking '/home/linux/test_place/ros2_projects/project_1/install/my_robot_description/bin'
[0.591s] INFO:colcon.colcon_core.shell:Creating package script '/home/linux/test_place/ros2_projects/project_1/install/my_robot_description/share/my_robot_description/package.ps1'
[0.592s] INFO:colcon.colcon_core.shell:Creating package descriptor '/home/linux/test_place/ros2_projects/project_1/install/my_robot_description/share/my_robot_description/package.dsv'
[0.594s] INFO:colcon.colcon_core.shell:Creating package script '/home/linux/test_place/ros2_projects/project_1/install/my_robot_description/share/my_robot_description/package.sh'
[0.594s] INFO:colcon.colcon_core.shell:Creating package script '/home/linux/test_place/ros2_projects/project_1/install/my_robot_description/share/my_robot_description/package.bash'
[0.595s] INFO:colcon.colcon_core.shell:Creating package script '/home/linux/test_place/ros2_projects/project_1/install/my_robot_description/share/my_robot_description/package.zsh'
[0.596s] Level 1:colcon.colcon_core.environment:create_file_with_runtime_dependencies(/home/linux/test_place/ros2_projects/project_1/install/my_robot_description/share/colcon-core/packages/my_robot_description)
[0.597s] DEBUG:colcon.colcon_parallel_executor.executor.parallel:closing loop
[0.598s] DEBUG:colcon.colcon_parallel_executor.executor.parallel:loop closed
[0.598s] DEBUG:colcon.colcon_parallel_executor.executor.parallel:run_until_complete finished with '0'
[0.599s] DEBUG:colcon.colcon_core.event_reactor:joining thread
[0.684s] INFO:colcon.colcon_core.plugin_system:Skipping extension 'colcon_notification.desktop_notification.notify_send': Could not find 'notify-send'
[0.684s] INFO:colcon.colcon_core.plugin_system:Skipping extension 'colcon_notification.desktop_notification.terminal_notifier': Not used on non-Darwin systems
[0.684s] INFO:colcon.colcon_core.plugin_system:Skipping extension 'colcon_notification.desktop_notification.win32': Not used on non-Windows systems
[0.685s] INFO:colcon.colcon_notification.desktop_notification:Sending desktop notification using 'notify2'
[0.687s] DEBUG:colcon.colcon_notification.desktop_notification.notify2:Failed to initialize notify2: org.freedesktop.DBus.Error.ServiceUnknown: The name org.freedesktop.Notifications was not provided by any .service files
[0.687s] DEBUG:colcon.colcon_core.event_reactor:joined thread
[0.688s] INFO:colcon.colcon_core.shell:Creating prefix script '/home/linux/test_place/ros2_projects/project_1/install/local_setup.ps1'
[0.689s] INFO:colcon.colcon_core.shell:Creating prefix util module '/home/linux/test_place/ros2_projects/project_1/install/_local_setup_util_ps1.py'
[0.691s] INFO:colcon.colcon_core.shell:Creating prefix chain script '/home/linux/test_place/ros2_projects/project_1/install/setup.ps1'
[0.692s] INFO:colcon.colcon_core.shell:Creating prefix script '/home/linux/test_place/ros2_projects/project_1/install/local_setup.sh'
[0.693s] INFO:colcon.colcon_core.shell:Creating prefix util module '/home/linux/test_place/ros2_projects/project_1/install/_local_setup_util_sh.py'
[0.694s] INFO:colcon.colcon_core.shell:Creating prefix chain script '/home/linux/test_place/ros2_projects/project_1/install/setup.sh'
[0.695s] INFO:colcon.colcon_core.shell:Creating prefix script '/home/linux/test_place/ros2_projects/project_1/install/local_setup.bash'
[0.696s] INFO:colcon.colcon_core.shell:Creating prefix chain script '/home/linux/test_place/ros2_projects/project_1/install/setup.bash'
[0.697s] INFO:colcon.colcon_core.shell:Creating prefix script '/home/linux/test_place/ros2_projects/project_1/install/local_setup.zsh'
[0.698s] INFO:colcon.colcon_core.shell:Creating prefix chain script '/home/linux/test_place/ros2_projects/project_1/install/setup.zsh'
