[0.356s] DEBUG:colcon:Command line arguments: ['/usr/bin/colcon', 'build']
[0.356s] DEBUG:colcon:Parsed command line arguments: Namespace(log_base=None, log_level=None, verb_name='build', build_base='build', install_base='install', merge_install=False, symlink_install=False, test_result_base=None, continue_on_error=False, executor='parallel', parallel_workers=32, event_handlers=None, ignore_user_meta=False, metas=['./colcon.meta'], base_paths=['.'], packages_ignore=None, packages_ignore_regex=None, paths=None, packages_up_to=None, packages_up_to_regex=None, packages_above=None, packages_above_and_dependencies=None, packages_above_depth=None, packages_select_by_dep=None, packages_skip_by_dep=None, packages_skip_up_to=None, packages_select_build_failed=False, packages_skip_build_finished=False, packages_select_test_failures=False, packages_skip_test_passed=False, packages_select=None, packages_skip=None, packages_select_regex=None, packages_skip_regex=None, packages_start=None, packages_end=None, allow_overriding=[], cmake_args=None, cmake_target=None, cmake_target_skip_unavailable=False, cmake_clean_cache=False, cmake_clean_first=False, cmake_force_configure=False, ament_cmake_args=None, catkin_cmake_args=None, catkin_skip_building_tests=False, verb_parser=<colcon_defaults.argument_parser.defaults.DefaultArgumentsDecorator object at 0x793ca3e56cc0>, verb_extension=<colcon_core.verb.build.BuildVerb object at 0x793ca3f7b590>, main=<bound method BuildVerb.main of <colcon_core.verb.build.BuildVerb object at 0x793ca3f7b590>>)
[0.435s] Level 1:colcon.colcon_core.package_discovery:discover_packages(colcon_meta) check parameters
[0.435s] Level 1:colcon.colcon_core.package_discovery:discover_packages(recursive) check parameters
[0.435s] Level 1:colcon.colcon_core.package_discovery:discover_packages(ignore) check parameters
[0.436s] Level 1:colcon.colcon_core.package_discovery:discover_packages(path) check parameters
[0.436s] Level 1:colcon.colcon_core.package_discovery:discover_packages(colcon_meta) discover
[0.436s] Level 1:colcon.colcon_core.package_discovery:discover_packages(recursive) discover
[0.436s] INFO:colcon.colcon_core.package_discovery:Crawling recursively for packages in '/home/linux/test_place/ros2_projects/project_1'
[0.436s] Level 1:colcon.colcon_core.package_identification:_identify(.) by extensions ['ignore', 'ignore_ament_install']
[0.436s] Level 1:colcon.colcon_core.package_identification:_identify(.) by extension 'ignore'
[0.436s] Level 1:colcon.colcon_core.package_identification:_identify(.) by extension 'ignore_ament_install'
[0.437s] Level 1:colcon.colcon_core.package_identification:_identify(.) by extensions ['colcon_pkg']
[0.437s] Level 1:colcon.colcon_core.package_identification:_identify(.) by extension 'colcon_pkg'
[0.437s] Level 1:colcon.colcon_core.package_identification:_identify(.) by extensions ['colcon_meta']
[0.437s] Level 1:colcon.colcon_core.package_identification:_identify(.) by extension 'colcon_meta'
[0.437s] Level 1:colcon.colcon_core.package_identification:_identify(.) by extensions ['ros']
[0.437s] Level 1:colcon.colcon_core.package_identification:_identify(.) by extension 'ros'
[0.482s] Level 1:colcon.colcon_core.package_identification:_identify(.) by extensions ['cmake', 'python']
[0.483s] Level 1:colcon.colcon_core.package_identification:_identify(.) by extension 'cmake'
[0.483s] Level 1:colcon.colcon_core.package_identification:_identify(.) by extension 'python'
[0.483s] Level 1:colcon.colcon_core.package_identification:_identify(.) by extensions ['python_setup_py']
[0.483s] Level 1:colcon.colcon_core.package_identification:_identify(.) by extension 'python_setup_py'
[0.483s] Level 1:colcon.colcon_core.package_identification:_identify(bags) by extensions ['ignore', 'ignore_ament_install']
[0.484s] Level 1:colcon.colcon_core.package_identification:_identify(bags) by extension 'ignore'
[0.484s] Level 1:colcon.colcon_core.package_identification:_identify(bags) by extension 'ignore_ament_install'
[0.484s] Level 1:colcon.colcon_core.package_identification:_identify(bags) by extensions ['colcon_pkg']
[0.484s] Level 1:colcon.colcon_core.package_identification:_identify(bags) by extension 'colcon_pkg'
[0.484s] Level 1:colcon.colcon_core.package_identification:_identify(bags) by extensions ['colcon_meta']
[0.484s] Level 1:colcon.colcon_core.package_identification:_identify(bags) by extension 'colcon_meta'
[0.484s] Level 1:colcon.colcon_core.package_identification:_identify(bags) by extensions ['ros']
[0.484s] Level 1:colcon.colcon_core.package_identification:_identify(bags) by extension 'ros'
[0.485s] Level 1:colcon.colcon_core.package_identification:_identify(bags) by extensions ['cmake', 'python']
[0.485s] Level 1:colcon.colcon_core.package_identification:_identify(bags) by extension 'cmake'
[0.485s] Level 1:colcon.colcon_core.package_identification:_identify(bags) by extension 'python'
[0.485s] Level 1:colcon.colcon_core.package_identification:_identify(bags) by extensions ['python_setup_py']
[0.485s] Level 1:colcon.colcon_core.package_identification:_identify(bags) by extension 'python_setup_py'
[0.485s] Level 1:colcon.colcon_core.package_identification:_identify(bags/my_50hz_bag) by extensions ['ignore', 'ignore_ament_install']
[0.486s] Level 1:colcon.colcon_core.package_identification:_identify(bags/my_50hz_bag) by extension 'ignore'
[0.486s] Level 1:colcon.colcon_core.package_identification:_identify(bags/my_50hz_bag) by extension 'ignore_ament_install'
[0.486s] Level 1:colcon.colcon_core.package_identification:_identify(bags/my_50hz_bag) by extensions ['colcon_pkg']
[0.486s] Level 1:colcon.colcon_core.package_identification:_identify(bags/my_50hz_bag) by extension 'colcon_pkg'
[0.486s] Level 1:colcon.colcon_core.package_identification:_identify(bags/my_50hz_bag) by extensions ['colcon_meta']
[0.486s] Level 1:colcon.colcon_core.package_identification:_identify(bags/my_50hz_bag) by extension 'colcon_meta'
[0.486s] Level 1:colcon.colcon_core.package_identification:_identify(bags/my_50hz_bag) by extensions ['ros']
[0.486s] Level 1:colcon.colcon_core.package_identification:_identify(bags/my_50hz_bag) by extension 'ros'
[0.487s] Level 1:colcon.colcon_core.package_identification:_identify(bags/my_50hz_bag) by extensions ['cmake', 'python']
[0.487s] Level 1:colcon.colcon_core.package_identification:_identify(bags/my_50hz_bag) by extension 'cmake'
[0.487s] Level 1:colcon.colcon_core.package_identification:_identify(bags/my_50hz_bag) by extension 'python'
[0.487s] Level 1:colcon.colcon_core.package_identification:_identify(bags/my_50hz_bag) by extensions ['python_setup_py']
[0.487s] Level 1:colcon.colcon_core.package_identification:_identify(bags/my_50hz_bag) by extension 'python_setup_py'
[0.487s] Level 1:colcon.colcon_core.package_identification:_identify(bags/my_circle_bag) by extensions ['ignore', 'ignore_ament_install']
[0.488s] Level 1:colcon.colcon_core.package_identification:_identify(bags/my_circle_bag) by extension 'ignore'
[0.488s] Level 1:colcon.colcon_core.package_identification:_identify(bags/my_circle_bag) by extension 'ignore_ament_install'
[0.488s] Level 1:colcon.colcon_core.package_identification:_identify(bags/my_circle_bag) by extensions ['colcon_pkg']
[0.488s] Level 1:colcon.colcon_core.package_identification:_identify(bags/my_circle_bag) by extension 'colcon_pkg'
[0.488s] Level 1:colcon.colcon_core.package_identification:_identify(bags/my_circle_bag) by extensions ['colcon_meta']
[0.488s] Level 1:colcon.colcon_core.package_identification:_identify(bags/my_circle_bag) by extension 'colcon_meta'
[0.488s] Level 1:colcon.colcon_core.package_identification:_identify(bags/my_circle_bag) by extensions ['ros']
[0.488s] Level 1:colcon.colcon_core.package_identification:_identify(bags/my_circle_bag) by extension 'ros'
[0.489s] Level 1:colcon.colcon_core.package_identification:_identify(bags/my_circle_bag) by extensions ['cmake', 'python']
[0.489s] Level 1:colcon.colcon_core.package_identification:_identify(bags/my_circle_bag) by extension 'cmake'
[0.489s] Level 1:colcon.colcon_core.package_identification:_identify(bags/my_circle_bag) by extension 'python'
[0.489s] Level 1:colcon.colcon_core.package_identification:_identify(bags/my_circle_bag) by extensions ['python_setup_py']
[0.489s] Level 1:colcon.colcon_core.package_identification:_identify(bags/my_circle_bag) by extension 'python_setup_py'
[0.489s] Level 1:colcon.colcon_core.package_identification:_identify(build) by extensions ['ignore', 'ignore_ament_install']
[0.490s] Level 1:colcon.colcon_core.package_identification:_identify(build) by extension 'ignore'
[0.490s] Level 1:colcon.colcon_core.package_identification:_identify(build) ignored
[0.490s] Level 1:colcon.colcon_core.package_identification:_identify(install) by extensions ['ignore', 'ignore_ament_install']
[0.490s] Level 1:colcon.colcon_core.package_identification:_identify(install) by extension 'ignore'
[0.490s] Level 1:colcon.colcon_core.package_identification:_identify(install) ignored
[0.491s] Level 1:colcon.colcon_core.package_identification:_identify(log) by extensions ['ignore', 'ignore_ament_install']
[0.491s] Level 1:colcon.colcon_core.package_identification:_identify(log) by extension 'ignore'
[0.491s] Level 1:colcon.colcon_core.package_identification:_identify(log) ignored
[0.491s] Level 1:colcon.colcon_core.package_identification:_identify(src) by extensions ['ignore', 'ignore_ament_install']
[0.491s] Level 1:colcon.colcon_core.package_identification:_identify(src) by extension 'ignore'
[0.492s] Level 1:colcon.colcon_core.package_identification:_identify(src) by extension 'ignore_ament_install'
[0.492s] Level 1:colcon.colcon_core.package_identification:_identify(src) by extensions ['colcon_pkg']
[0.492s] Level 1:colcon.colcon_core.package_identification:_identify(src) by extension 'colcon_pkg'
[0.492s] Level 1:colcon.colcon_core.package_identification:_identify(src) by extensions ['colcon_meta']
[0.492s] Level 1:colcon.colcon_core.package_identification:_identify(src) by extension 'colcon_meta'
[0.492s] Level 1:colcon.colcon_core.package_identification:_identify(src) by extensions ['ros']
[0.492s] Level 1:colcon.colcon_core.package_identification:_identify(src) by extension 'ros'
[0.493s] Level 1:colcon.colcon_core.package_identification:_identify(src) by extensions ['cmake', 'python']
[0.493s] Level 1:colcon.colcon_core.package_identification:_identify(src) by extension 'cmake'
[0.493s] Level 1:colcon.colcon_core.package_identification:_identify(src) by extension 'python'
[0.493s] Level 1:colcon.colcon_core.package_identification:_identify(src) by extensions ['python_setup_py']
[0.493s] Level 1:colcon.colcon_core.package_identification:_identify(src) by extension 'python_setup_py'
[0.493s] Level 1:colcon.colcon_core.package_identification:_identify(src/my_robot_description) by extensions ['ignore', 'ignore_ament_install']
[0.494s] Level 1:colcon.colcon_core.package_identification:_identify(src/my_robot_description) by extension 'ignore'
[0.494s] Level 1:colcon.colcon_core.package_identification:_identify(src/my_robot_description) by extension 'ignore_ament_install'
[0.494s] Level 1:colcon.colcon_core.package_identification:_identify(src/my_robot_description) by extensions ['colcon_pkg']
[0.494s] Level 1:colcon.colcon_core.package_identification:_identify(src/my_robot_description) by extension 'colcon_pkg'
[0.494s] Level 1:colcon.colcon_core.package_identification:_identify(src/my_robot_description) by extensions ['colcon_meta']
[0.494s] Level 1:colcon.colcon_core.package_identification:_identify(src/my_robot_description) by extension 'colcon_meta'
[0.495s] Level 1:colcon.colcon_core.package_identification:_identify(src/my_robot_description) by extensions ['ros']
[0.495s] Level 1:colcon.colcon_core.package_identification:_identify(src/my_robot_description) by extension 'ros'
[0.499s] DEBUG:colcon.colcon_core.package_identification:Package 'src/my_robot_description' with type 'ros.ament_cmake' and name 'my_robot_description'
[0.499s] Level 1:colcon.colcon_core.package_identification:_identify(src/robot_data_flow) by extensions ['ignore', 'ignore_ament_install']
[0.500s] Level 1:colcon.colcon_core.package_identification:_identify(src/robot_data_flow) by extension 'ignore'
[0.500s] Level 1:colcon.colcon_core.package_identification:_identify(src/robot_data_flow) by extension 'ignore_ament_install'
[0.500s] Level 1:colcon.colcon_core.package_identification:_identify(src/robot_data_flow) by extensions ['colcon_pkg']
[0.500s] Level 1:colcon.colcon_core.package_identification:_identify(src/robot_data_flow) by extension 'colcon_pkg'
[0.500s] Level 1:colcon.colcon_core.package_identification:_identify(src/robot_data_flow) by extensions ['colcon_meta']
[0.500s] Level 1:colcon.colcon_core.package_identification:_identify(src/robot_data_flow) by extension 'colcon_meta'
[0.500s] Level 1:colcon.colcon_core.package_identification:_identify(src/robot_data_flow) by extensions ['ros']
[0.500s] Level 1:colcon.colcon_core.package_identification:_identify(src/robot_data_flow) by extension 'ros'
[0.501s] DEBUG:colcon.colcon_core.package_identification:Package 'src/robot_data_flow' with type 'ros.ament_cmake' and name 'robot_data_flow'
[0.502s] Level 1:colcon.colcon_core.package_discovery:discover_packages(recursive) using defaults
[0.502s] Level 1:colcon.colcon_core.package_discovery:discover_packages(ignore) discover
[0.502s] Level 1:colcon.colcon_core.package_discovery:discover_packages(ignore) using defaults
[0.502s] Level 1:colcon.colcon_core.package_discovery:discover_packages(path) discover
[0.502s] Level 1:colcon.colcon_core.package_discovery:discover_packages(path) using defaults
[0.533s] Level 1:colcon.colcon_core.package_discovery:discover_packages(prefix_path) check parameters
[0.533s] Level 1:colcon.colcon_core.package_discovery:discover_packages(prefix_path) discover
[0.536s] DEBUG:colcon.colcon_installed_package_information.package_discovery:Found 2 installed packages in /home/linux/test_place/ros2_projects/project_1/install
[0.538s] DEBUG:colcon.colcon_installed_package_information.package_discovery:Found 292 installed packages in /opt/ros/jazzy
[0.540s] Level 1:colcon.colcon_core.package_discovery:discover_packages(prefix_path) using defaults
[0.596s] Level 5:colcon.colcon_core.verb:set package 'my_robot_description' build argument 'cmake_args' from command line to 'None'
[0.596s] Level 5:colcon.colcon_core.verb:set package 'my_robot_description' build argument 'cmake_target' from command line to 'None'
[0.596s] Level 5:colcon.colcon_core.verb:set package 'my_robot_description' build argument 'cmake_target_skip_unavailable' from command line to 'False'
[0.596s] Level 5:colcon.colcon_core.verb:set package 'my_robot_description' build argument 'cmake_clean_cache' from command line to 'False'
[0.597s] Level 5:colcon.colcon_core.verb:set package 'my_robot_description' build argument 'cmake_clean_first' from command line to 'False'
[0.597s] Level 5:colcon.colcon_core.verb:set package 'my_robot_description' build argument 'cmake_force_configure' from command line to 'False'
[0.597s] Level 5:colcon.colcon_core.verb:set package 'my_robot_description' build argument 'ament_cmake_args' from command line to 'None'
[0.597s] Level 5:colcon.colcon_core.verb:set package 'my_robot_description' build argument 'catkin_cmake_args' from command line to 'None'
[0.597s] Level 5:colcon.colcon_core.verb:set package 'my_robot_description' build argument 'catkin_skip_building_tests' from command line to 'False'
[0.597s] DEBUG:colcon.colcon_core.verb:Building package 'my_robot_description' with the following arguments: {'ament_cmake_args': None, 'build_base': '/home/linux/test_place/ros2_projects/project_1/build/my_robot_description', 'catkin_cmake_args': None, 'catkin_skip_building_tests': False, 'cmake_args': None, 'cmake_clean_cache': False, 'cmake_clean_first': False, 'cmake_force_configure': False, 'cmake_target': None, 'cmake_target_skip_unavailable': False, 'install_base': '/home/linux/test_place/ros2_projects/project_1/install/my_robot_description', 'merge_install': False, 'path': '/home/linux/test_place/ros2_projects/project_1/src/my_robot_description', 'symlink_install': False, 'test_result_base': None}
[0.597s] Level 5:colcon.colcon_core.verb:set package 'robot_data_flow' build argument 'cmake_args' from command line to 'None'
[0.597s] Level 5:colcon.colcon_core.verb:set package 'robot_data_flow' build argument 'cmake_target' from command line to 'None'
[0.597s] Level 5:colcon.colcon_core.verb:set package 'robot_data_flow' build argument 'cmake_target_skip_unavailable' from command line to 'False'
[0.597s] Level 5:colcon.colcon_core.verb:set package 'robot_data_flow' build argument 'cmake_clean_cache' from command line to 'False'
[0.597s] Level 5:colcon.colcon_core.verb:set package 'robot_data_flow' build argument 'cmake_clean_first' from command line to 'False'
[0.597s] Level 5:colcon.colcon_core.verb:set package 'robot_data_flow' build argument 'cmake_force_configure' from command line to 'False'
[0.597s] Level 5:colcon.colcon_core.verb:set package 'robot_data_flow' build argument 'ament_cmake_args' from command line to 'None'
[0.597s] Level 5:colcon.colcon_core.verb:set package 'robot_data_flow' build argument 'catkin_cmake_args' from command line to 'None'
[0.597s] Level 5:colcon.colcon_core.verb:set package 'robot_data_flow' build argument 'catkin_skip_building_tests' from command line to 'False'
[0.598s] DEBUG:colcon.colcon_core.verb:Building package 'robot_data_flow' with the following arguments: {'ament_cmake_args': None, 'build_base': '/home/linux/test_place/ros2_projects/project_1/build/robot_data_flow', 'catkin_cmake_args': None, 'catkin_skip_building_tests': False, 'cmake_args': None, 'cmake_clean_cache': False, 'cmake_clean_first': False, 'cmake_force_configure': False, 'cmake_target': None, 'cmake_target_skip_unavailable': False, 'install_base': '/home/linux/test_place/ros2_projects/project_1/install/robot_data_flow', 'merge_install': False, 'path': '/home/linux/test_place/ros2_projects/project_1/src/robot_data_flow', 'symlink_install': False, 'test_result_base': None}
[0.598s] INFO:colcon.colcon_core.executor:Executing jobs using 'parallel' executor
[0.600s] DEBUG:colcon.colcon_parallel_executor.executor.parallel:run_until_complete
[0.600s] INFO:colcon.colcon_ros.task.ament_cmake.build:Building ROS package in '/home/linux/test_place/ros2_projects/project_1/src/my_robot_description' with build type 'ament_cmake'
[0.601s] INFO:colcon.colcon_cmake.task.cmake.build:Building CMake package in '/home/linux/test_place/ros2_projects/project_1/src/my_robot_description'
[0.605s] INFO:colcon.colcon_core.plugin_system:Skipping extension 'colcon_core.shell.bat': Not used on non-Windows systems
[0.606s] INFO:colcon.colcon_core.shell:Skip shell extension 'powershell' for command environment: Not usable outside of PowerShell
[0.606s] DEBUG:colcon.colcon_core.shell:Skip shell extension 'dsv' for command environment
[0.611s] INFO:colcon.colcon_ros.task.ament_cmake.build:Building ROS package in '/home/linux/test_place/ros2_projects/project_1/src/robot_data_flow' with build type 'ament_cmake'
[0.612s] INFO:colcon.colcon_cmake.task.cmake.build:Building CMake package in '/home/linux/test_place/ros2_projects/project_1/src/robot_data_flow'
[0.612s] INFO:colcon.colcon_core.shell:Skip shell extension 'powershell' for command environment: Not usable outside of PowerShell
[0.612s] DEBUG:colcon.colcon_core.shell:Skip shell extension 'dsv' for command environment
[0.627s] DEBUG:colcon.colcon_core.event_handler.log_command:Invoking command in '/home/linux/test_place/ros2_projects/project_1/build/my_robot_description': CMAKE_PREFIX_PATH=${CMAKE_PREFIX_PATH}:/opt/ros/jazzy DEBUGINFOD_URLS=https://debuginfod.ubuntu.com /usr/bin/cmake --build /home/linux/test_place/ros2_projects/project_1/build/my_robot_description -- -j32 -l32
[0.637s] DEBUG:colcon.colcon_core.event_handler.log_command:Invoking command in '/home/linux/test_place/ros2_projects/project_1/build/robot_data_flow': CMAKE_PREFIX_PATH=${CMAKE_PREFIX_PATH}:/opt/ros/jazzy DEBUGINFOD_URLS=https://debuginfod.ubuntu.com /usr/bin/cmake --build /home/linux/test_place/ros2_projects/project_1/build/robot_data_flow -- -j32 -l32
[0.728s] DEBUG:colcon.colcon_core.event_handler.log_command:Invoked command in '/home/linux/test_place/ros2_projects/project_1/build/robot_data_flow' returned '0': CMAKE_PREFIX_PATH=${CMAKE_PREFIX_PATH}:/opt/ros/jazzy DEBUGINFOD_URLS=https://debuginfod.ubuntu.com /usr/bin/cmake --build /home/linux/test_place/ros2_projects/project_1/build/robot_data_flow -- -j32 -l32
[0.746s] DEBUG:colcon.colcon_core.event_handler.log_command:Invoking command in '/home/linux/test_place/ros2_projects/project_1/build/robot_data_flow': CMAKE_PREFIX_PATH=${CMAKE_PREFIX_PATH}:/opt/ros/jazzy DEBUGINFOD_URLS=https://debuginfod.ubuntu.com /usr/bin/cmake --install /home/linux/test_place/ros2_projects/project_1/build/robot_data_flow
[0.760s] Level 1:colcon.colcon_core.environment:create_environment_scripts_only(robot_data_flow)
[0.762s] DEBUG:colcon.colcon_core.event_handler.log_command:Invoked command in '/home/linux/test_place/ros2_projects/project_1/build/robot_data_flow' returned '0': CMAKE_PREFIX_PATH=${CMAKE_PREFIX_PATH}:/opt/ros/jazzy DEBUGINFOD_URLS=https://debuginfod.ubuntu.com /usr/bin/cmake --install /home/linux/test_place/ros2_projects/project_1/build/robot_data_flow
[0.767s] Level 1:colcon.colcon_core.environment:checking '/home/linux/test_place/ros2_projects/project_1/install/robot_data_flow' for CMake module files
[0.767s] Level 1:colcon.colcon_core.environment:checking '/home/linux/test_place/ros2_projects/project_1/install/robot_data_flow' for CMake config files
[0.768s] Level 1:colcon.colcon_core.shell:create_environment_hook('robot_data_flow', 'cmake_prefix_path')
[0.768s] INFO:colcon.colcon_core.shell:Creating environment hook '/home/linux/test_place/ros2_projects/project_1/install/robot_data_flow/share/robot_data_flow/hook/cmake_prefix_path.ps1'
[0.769s] INFO:colcon.colcon_core.shell:Creating environment descriptor '/home/linux/test_place/ros2_projects/project_1/install/robot_data_flow/share/robot_data_flow/hook/cmake_prefix_path.dsv'
[0.770s] INFO:colcon.colcon_core.shell:Creating environment hook '/home/linux/test_place/ros2_projects/project_1/install/robot_data_flow/share/robot_data_flow/hook/cmake_prefix_path.sh'
[0.772s] Level 1:colcon.colcon_core.environment:checking '/home/linux/test_place/ros2_projects/project_1/install/robot_data_flow/lib'
[0.772s] Level 1:colcon.colcon_core.environment:checking '/home/linux/test_place/ros2_projects/project_1/install/robot_data_flow/bin'
[0.772s] Level 1:colcon.colcon_core.environment:checking '/home/linux/test_place/ros2_projects/project_1/install/robot_data_flow/lib/pkgconfig/robot_data_flow.pc'
[0.773s] Level 1:colcon.colcon_core.environment:checking '/home/linux/test_place/ros2_projects/project_1/install/robot_data_flow/lib/python3.12/site-packages'
[0.773s] Level 1:colcon.colcon_core.environment:checking '/home/linux/test_place/ros2_projects/project_1/install/robot_data_flow/bin'
[0.774s] INFO:colcon.colcon_core.shell:Creating package script '/home/linux/test_place/ros2_projects/project_1/install/robot_data_flow/share/robot_data_flow/package.ps1'
[0.775s] INFO:colcon.colcon_core.shell:Creating package descriptor '/home/linux/test_place/ros2_projects/project_1/install/robot_data_flow/share/robot_data_flow/package.dsv'
[0.776s] INFO:colcon.colcon_core.shell:Creating package script '/home/linux/test_place/ros2_projects/project_1/install/robot_data_flow/share/robot_data_flow/package.sh'
[0.778s] INFO:colcon.colcon_core.shell:Creating package script '/home/linux/test_place/ros2_projects/project_1/install/robot_data_flow/share/robot_data_flow/package.bash'
[0.779s] INFO:colcon.colcon_core.shell:Creating package script '/home/linux/test_place/ros2_projects/project_1/install/robot_data_flow/share/robot_data_flow/package.zsh'
[0.780s] Level 1:colcon.colcon_core.environment:create_file_with_runtime_dependencies(/home/linux/test_place/ros2_projects/project_1/install/robot_data_flow/share/colcon-core/packages/robot_data_flow)
[0.781s] Level 1:colcon.colcon_core.environment:create_environment_scripts_only(robot_data_flow)
[0.781s] Level 1:colcon.colcon_core.environment:checking '/home/linux/test_place/ros2_projects/project_1/install/robot_data_flow' for CMake module files
[0.782s] Level 1:colcon.colcon_core.environment:checking '/home/linux/test_place/ros2_projects/project_1/install/robot_data_flow' for CMake config files
[0.782s] Level 1:colcon.colcon_core.shell:create_environment_hook('robot_data_flow', 'cmake_prefix_path')
[0.783s] INFO:colcon.colcon_core.shell:Creating environment hook '/home/linux/test_place/ros2_projects/project_1/install/robot_data_flow/share/robot_data_flow/hook/cmake_prefix_path.ps1'
[0.784s] INFO:colcon.colcon_core.shell:Creating environment descriptor '/home/linux/test_place/ros2_projects/project_1/install/robot_data_flow/share/robot_data_flow/hook/cmake_prefix_path.dsv'
[0.784s] INFO:colcon.colcon_core.shell:Creating environment hook '/home/linux/test_place/ros2_projects/project_1/install/robot_data_flow/share/robot_data_flow/hook/cmake_prefix_path.sh'
[0.785s] Level 1:colcon.colcon_core.environment:checking '/home/linux/test_place/ros2_projects/project_1/install/robot_data_flow/lib'
[0.786s] Level 1:colcon.colcon_core.environment:checking '/home/linux/test_place/ros2_projects/project_1/install/robot_data_flow/bin'
[0.786s] Level 1:colcon.colcon_core.environment:checking '/home/linux/test_place/ros2_projects/project_1/install/robot_data_flow/lib/pkgconfig/robot_data_flow.pc'
[0.786s] Level 1:colcon.colcon_core.environment:checking '/home/linux/test_place/ros2_projects/project_1/install/robot_data_flow/lib/python3.12/site-packages'
[0.787s] Level 1:colcon.colcon_core.environment:checking '/home/linux/test_place/ros2_projects/project_1/install/robot_data_flow/bin'
[0.787s] INFO:colcon.colcon_core.shell:Creating package script '/home/linux/test_place/ros2_projects/project_1/install/robot_data_flow/share/robot_data_flow/package.ps1'
[0.788s] INFO:colcon.colcon_core.shell:Creating package descriptor '/home/linux/test_place/ros2_projects/project_1/install/robot_data_flow/share/robot_data_flow/package.dsv'
[0.789s] INFO:colcon.colcon_core.shell:Creating package script '/home/linux/test_place/ros2_projects/project_1/install/robot_data_flow/share/robot_data_flow/package.sh'
[0.790s] INFO:colcon.colcon_core.shell:Creating package script '/home/linux/test_place/ros2_projects/project_1/install/robot_data_flow/share/robot_data_flow/package.bash'
[0.791s] INFO:colcon.colcon_core.shell:Creating package script '/home/linux/test_place/ros2_projects/project_1/install/robot_data_flow/share/robot_data_flow/package.zsh'
[0.791s] Level 1:colcon.colcon_core.environment:create_file_with_runtime_dependencies(/home/linux/test_place/ros2_projects/project_1/install/robot_data_flow/share/colcon-core/packages/robot_data_flow)
[1.205s] DEBUG:colcon.colcon_core.event_handler.log_command:Invoked command in '/home/linux/test_place/ros2_projects/project_1/build/my_robot_description' returned '0': CMAKE_PREFIX_PATH=${CMAKE_PREFIX_PATH}:/opt/ros/jazzy DEBUGINFOD_URLS=https://debuginfod.ubuntu.com /usr/bin/cmake --build /home/linux/test_place/ros2_projects/project_1/build/my_robot_description -- -j32 -l32
[1.208s] DEBUG:colcon.colcon_core.event_handler.log_command:Invoking command in '/home/linux/test_place/ros2_projects/project_1/build/my_robot_description': CMAKE_PREFIX_PATH=${CMAKE_PREFIX_PATH}:/opt/ros/jazzy DEBUGINFOD_URLS=https://debuginfod.ubuntu.com /usr/bin/cmake --install /home/linux/test_place/ros2_projects/project_1/build/my_robot_description
[1.230s] Level 1:colcon.colcon_core.environment:create_environment_scripts_only(my_robot_description)
[1.230s] Level 1:colcon.colcon_core.environment:checking '/home/linux/test_place/ros2_projects/project_1/install/my_robot_description' for CMake module files
[1.232s] DEBUG:colcon.colcon_core.event_handler.log_command:Invoked command in '/home/linux/test_place/ros2_projects/project_1/build/my_robot_description' returned '0': CMAKE_PREFIX_PATH=${CMAKE_PREFIX_PATH}:/opt/ros/jazzy DEBUGINFOD_URLS=https://debuginfod.ubuntu.com /usr/bin/cmake --install /home/linux/test_place/ros2_projects/project_1/build/my_robot_description
[1.232s] Level 1:colcon.colcon_core.environment:checking '/home/linux/test_place/ros2_projects/project_1/install/my_robot_description' for CMake config files
[1.233s] Level 1:colcon.colcon_core.shell:create_environment_hook('my_robot_description', 'cmake_prefix_path')
[1.233s] INFO:colcon.colcon_core.shell:Creating environment hook '/home/linux/test_place/ros2_projects/project_1/install/my_robot_description/share/my_robot_description/hook/cmake_prefix_path.ps1'
[1.234s] INFO:colcon.colcon_core.shell:Creating environment descriptor '/home/linux/test_place/ros2_projects/project_1/install/my_robot_description/share/my_robot_description/hook/cmake_prefix_path.dsv'
[1.235s] INFO:colcon.colcon_core.shell:Creating environment hook '/home/linux/test_place/ros2_projects/project_1/install/my_robot_description/share/my_robot_description/hook/cmake_prefix_path.sh'
[1.236s] Level 1:colcon.colcon_core.environment:checking '/home/linux/test_place/ros2_projects/project_1/install/my_robot_description/lib'
[1.236s] Level 1:colcon.colcon_core.environment:checking '/home/linux/test_place/ros2_projects/project_1/install/my_robot_description/bin'
[1.236s] Level 1:colcon.colcon_core.environment:checking '/home/linux/test_place/ros2_projects/project_1/install/my_robot_description/lib/pkgconfig/my_robot_description.pc'
[1.237s] Level 1:colcon.colcon_core.environment:checking '/home/linux/test_place/ros2_projects/project_1/install/my_robot_description/lib/python3.12/site-packages'
[1.237s] Level 1:colcon.colcon_core.shell:create_environment_hook('my_robot_description', 'pythonpath')
[1.237s] INFO:colcon.colcon_core.shell:Creating environment hook '/home/linux/test_place/ros2_projects/project_1/install/my_robot_description/share/my_robot_description/hook/pythonpath.ps1'
[1.238s] INFO:colcon.colcon_core.shell:Creating environment descriptor '/home/linux/test_place/ros2_projects/project_1/install/my_robot_description/share/my_robot_description/hook/pythonpath.dsv'
[1.239s] INFO:colcon.colcon_core.shell:Creating environment hook '/home/linux/test_place/ros2_projects/project_1/install/my_robot_description/share/my_robot_description/hook/pythonpath.sh'
[1.240s] Level 1:colcon.colcon_core.environment:checking '/home/linux/test_place/ros2_projects/project_1/install/my_robot_description/bin'
[1.241s] INFO:colcon.colcon_core.shell:Creating package script '/home/linux/test_place/ros2_projects/project_1/install/my_robot_description/share/my_robot_description/package.ps1'
[1.242s] INFO:colcon.colcon_core.shell:Creating package descriptor '/home/linux/test_place/ros2_projects/project_1/install/my_robot_description/share/my_robot_description/package.dsv'
[1.243s] INFO:colcon.colcon_core.shell:Creating package script '/home/linux/test_place/ros2_projects/project_1/install/my_robot_description/share/my_robot_description/package.sh'
[1.243s] INFO:colcon.colcon_core.shell:Creating package script '/home/linux/test_place/ros2_projects/project_1/install/my_robot_description/share/my_robot_description/package.bash'
[1.244s] INFO:colcon.colcon_core.shell:Creating package script '/home/linux/test_place/ros2_projects/project_1/install/my_robot_description/share/my_robot_description/package.zsh'
[1.245s] Level 1:colcon.colcon_core.environment:create_file_with_runtime_dependencies(/home/linux/test_place/ros2_projects/project_1/install/my_robot_description/share/colcon-core/packages/my_robot_description)
[1.246s] Level 1:colcon.colcon_core.environment:create_environment_scripts_only(my_robot_description)
[1.246s] Level 1:colcon.colcon_core.environment:checking '/home/linux/test_place/ros2_projects/project_1/install/my_robot_description' for CMake module files
[1.247s] Level 1:colcon.colcon_core.environment:checking '/home/linux/test_place/ros2_projects/project_1/install/my_robot_description' for CMake config files
[1.247s] Level 1:colcon.colcon_core.shell:create_environment_hook('my_robot_description', 'cmake_prefix_path')
[1.247s] INFO:colcon.colcon_core.shell:Creating environment hook '/home/linux/test_place/ros2_projects/project_1/install/my_robot_description/share/my_robot_description/hook/cmake_prefix_path.ps1'
[1.248s] INFO:colcon.colcon_core.shell:Creating environment descriptor '/home/linux/test_place/ros2_projects/project_1/install/my_robot_description/share/my_robot_description/hook/cmake_prefix_path.dsv'
[1.249s] INFO:colcon.colcon_core.shell:Creating environment hook '/home/linux/test_place/ros2_projects/project_1/install/my_robot_description/share/my_robot_description/hook/cmake_prefix_path.sh'
[1.250s] Level 1:colcon.colcon_core.environment:checking '/home/linux/test_place/ros2_projects/project_1/install/my_robot_description/lib'
[1.250s] Level 1:colcon.colcon_core.environment:checking '/home/linux/test_place/ros2_projects/project_1/install/my_robot_description/bin'
[1.251s] Level 1:colcon.colcon_core.environment:checking '/home/linux/test_place/ros2_projects/project_1/install/my_robot_description/lib/pkgconfig/my_robot_description.pc'
[1.251s] Level 1:colcon.colcon_core.environment:checking '/home/linux/test_place/ros2_projects/project_1/install/my_robot_description/lib/python3.12/site-packages'
[1.251s] Level 1:colcon.colcon_core.shell:create_environment_hook('my_robot_description', 'pythonpath')
[1.251s] INFO:colcon.colcon_core.shell:Creating environment hook '/home/linux/test_place/ros2_projects/project_1/install/my_robot_description/share/my_robot_description/hook/pythonpath.ps1'
[1.252s] INFO:colcon.colcon_core.shell:Creating environment descriptor '/home/linux/test_place/ros2_projects/project_1/install/my_robot_description/share/my_robot_description/hook/pythonpath.dsv'
[1.253s] INFO:colcon.colcon_core.shell:Creating environment hook '/home/linux/test_place/ros2_projects/project_1/install/my_robot_description/share/my_robot_description/hook/pythonpath.sh'
[1.254s] Level 1:colcon.colcon_core.environment:checking '/home/linux/test_place/ros2_projects/project_1/install/my_robot_description/bin'
[1.254s] INFO:colcon.colcon_core.shell:Creating package script '/home/linux/test_place/ros2_projects/project_1/install/my_robot_description/share/my_robot_description/package.ps1'
[1.255s] INFO:colcon.colcon_core.shell:Creating package descriptor '/home/linux/test_place/ros2_projects/project_1/install/my_robot_description/share/my_robot_description/package.dsv'
[1.256s] INFO:colcon.colcon_core.shell:Creating package script '/home/linux/test_place/ros2_projects/project_1/install/my_robot_description/share/my_robot_description/package.sh'
[1.257s] INFO:colcon.colcon_core.shell:Creating package script '/home/linux/test_place/ros2_projects/project_1/install/my_robot_description/share/my_robot_description/package.bash'
[1.258s] INFO:colcon.colcon_core.shell:Creating package script '/home/linux/test_place/ros2_projects/project_1/install/my_robot_description/share/my_robot_description/package.zsh'
[1.259s] Level 1:colcon.colcon_core.environment:create_file_with_runtime_dependencies(/home/linux/test_place/ros2_projects/project_1/install/my_robot_description/share/colcon-core/packages/my_robot_description)
[1.259s] DEBUG:colcon.colcon_parallel_executor.executor.parallel:closing loop
[1.261s] DEBUG:colcon.colcon_parallel_executor.executor.parallel:loop closed
[1.261s] DEBUG:colcon.colcon_parallel_executor.executor.parallel:run_until_complete finished with '0'
[1.262s] DEBUG:colcon.colcon_core.event_reactor:joining thread
[1.349s] INFO:colcon.colcon_core.plugin_system:Skipping extension 'colcon_notification.desktop_notification.notify_send': Could not find 'notify-send'
[1.350s] INFO:colcon.colcon_core.plugin_system:Skipping extension 'colcon_notification.desktop_notification.terminal_notifier': Not used on non-Darwin systems
[1.350s] INFO:colcon.colcon_core.plugin_system:Skipping extension 'colcon_notification.desktop_notification.win32': Not used on non-Windows systems
[1.350s] INFO:colcon.colcon_notification.desktop_notification:Sending desktop notification using 'notify2'
[1.354s] DEBUG:colcon.colcon_notification.desktop_notification.notify2:Failed to initialize notify2: org.freedesktop.DBus.Error.ServiceUnknown: The name org.freedesktop.Notifications was not provided by any .service files
[1.354s] DEBUG:colcon.colcon_core.event_reactor:joined thread
[1.354s] INFO:colcon.colcon_core.shell:Creating prefix script '/home/linux/test_place/ros2_projects/project_1/install/local_setup.ps1'
[1.356s] INFO:colcon.colcon_core.shell:Creating prefix util module '/home/linux/test_place/ros2_projects/project_1/install/_local_setup_util_ps1.py'
[1.358s] INFO:colcon.colcon_core.shell:Creating prefix chain script '/home/linux/test_place/ros2_projects/project_1/install/setup.ps1'
[1.359s] INFO:colcon.colcon_core.shell:Creating prefix script '/home/linux/test_place/ros2_projects/project_1/install/local_setup.sh'
[1.361s] INFO:colcon.colcon_core.shell:Creating prefix util module '/home/linux/test_place/ros2_projects/project_1/install/_local_setup_util_sh.py'
[1.362s] INFO:colcon.colcon_core.shell:Creating prefix chain script '/home/linux/test_place/ros2_projects/project_1/install/setup.sh'
[1.363s] INFO:colcon.colcon_core.shell:Creating prefix script '/home/linux/test_place/ros2_projects/project_1/install/local_setup.bash'
[1.364s] INFO:colcon.colcon_core.shell:Creating prefix chain script '/home/linux/test_place/ros2_projects/project_1/install/setup.bash'
[1.366s] INFO:colcon.colcon_core.shell:Creating prefix script '/home/linux/test_place/ros2_projects/project_1/install/local_setup.zsh'
[1.367s] INFO:colcon.colcon_core.shell:Creating prefix chain script '/home/linux/test_place/ros2_projects/project_1/install/setup.zsh'
