[0.027s] Invoking command in '/home/linux/test_place/ros2_place/build/turtle_auto': CMAKE_PREFIX_PATH=${CMAKE_PREFIX_PATH}:/opt/ros/jazzy CONDA_PROMPT_MODIFIER=(base) DEBUGINFOD_URLS=https://debuginfod.ubuntu.com /usr/bin/cmake --build /home/linux/test_place/ros2_place/build/turtle_auto -- -j32 -l32
[0.220s] [100%] Built target auto_circle
[0.236s] Invoked command in '/home/linux/test_place/ros2_place/build/turtle_auto' returned '0': CMAKE_PREFIX_PATH=${CMAKE_PREFIX_PATH}:/opt/ros/jazzy CONDA_PROMPT_MODIFIER=(base) DEBUGINFOD_URLS=https://debuginfod.ubuntu.com /usr/bin/cmake --build /home/linux/test_place/ros2_place/build/turtle_auto -- -j32 -l32
[0.252s] Invoking command in '/home/linux/test_place/ros2_place/build/turtle_auto': CMAKE_PREFIX_PATH=${CMAKE_PREFIX_PATH}:/opt/ros/jazzy CONDA_PROMPT_MODIFIER=(base) DEBUGINFOD_URLS=https://debuginfod.ubuntu.com /usr/bin/cmake --install /home/linux/test_place/ros2_place/build/turtle_auto
[0.267s] -- Install configuration: ""
[0.270s] -- Up-to-date: /home/linux/test_place/ros2_place/install/turtle_auto/lib/turtle_auto/auto_circle
[0.271s] -- Up-to-date: /home/linux/test_place/ros2_place/install/turtle_auto/share/ament_index/resource_index/package_run_dependencies/turtle_auto
[0.271s] -- Up-to-date: /home/linux/test_place/ros2_place/install/turtle_auto/share/ament_index/resource_index/parent_prefix_path/turtle_auto
[0.272s] -- Up-to-date: /home/linux/test_place/ros2_place/install/turtle_auto/share/turtle_auto/environment/ament_prefix_path.sh
[0.272s] -- Up-to-date: /home/linux/test_place/ros2_place/install/turtle_auto/share/turtle_auto/environment/ament_prefix_path.dsv
[0.273s] -- Up-to-date: /home/linux/test_place/ros2_place/install/turtle_auto/share/turtle_auto/environment/path.sh
[0.273s] -- Up-to-date: /home/linux/test_place/ros2_place/install/turtle_auto/share/turtle_auto/environment/path.dsv
[0.274s] -- Up-to-date: /home/linux/test_place/ros2_place/install/turtle_auto/share/turtle_auto/local_setup.bash
[0.274s] -- Up-to-date: /home/linux/test_place/ros2_place/install/turtle_auto/share/turtle_auto/local_setup.sh
[0.275s] -- Up-to-date: /home/linux/test_place/ros2_place/install/turtle_auto/share/turtle_auto/local_setup.zsh
[0.275s] -- Up-to-date: /home/linux/test_place/ros2_place/install/turtle_auto/share/turtle_auto/local_setup.dsv
[0.276s] -- Installing: /home/linux/test_place/ros2_place/install/turtle_auto/share/turtle_auto/package.dsv
[0.276s] -- Up-to-date: /home/linux/test_place/ros2_place/install/turtle_auto/share/ament_index/resource_index/packages/turtle_auto
[0.276s] -- Up-to-date: /home/linux/test_place/ros2_place/install/turtle_auto/share/turtle_auto/cmake/turtle_autoConfig.cmake
[0.277s] -- Up-to-date: /home/linux/test_place/ros2_place/install/turtle_auto/share/turtle_auto/cmake/turtle_autoConfig-version.cmake
[0.277s] -- Up-to-date: /home/linux/test_place/ros2_place/install/turtle_auto/share/turtle_auto/package.xml
[0.279s] Invoked command in '/home/linux/test_place/ros2_place/build/turtle_auto' returned '0': CMAKE_PREFIX_PATH=${CMAKE_PREFIX_PATH}:/opt/ros/jazzy CONDA_PROMPT_MODIFIER=(base) DEBUGINFOD_URLS=https://debuginfod.ubuntu.com /usr/bin/cmake --install /home/linux/test_place/ros2_place/build/turtle_auto
