-- Install configuration: ""
-- Up-to-date: /home/linux/test_place/ros2_projects/project_1/install/my_robot_description/share/my_robot_description/launch
-- Up-to-date: /home/linux/test_place/ros2_projects/project_1/install/my_robot_description/share/my_robot_description/launch/move_robot.launch.py
-- Up-to-date: /home/linux/test_place/ros2_projects/project_1/install/my_robot_description/share/my_robot_description/launch/keyboard_control.launch.py
-- Up-to-date: /home/linux/test_place/ros2_projects/project_1/install/my_robot_description/share/my_robot_description/launch/animate_wheels.launch.py
-- Up-to-date: /home/linux/test_place/ros2_projects/project_1/install/my_robot_description/share/my_robot_description/launch/display.launch.py
-- Up-to-date: /home/linux/test_place/ros2_projects/project_1/install/my_robot_description/share/my_robot_description/rviz
-- Up-to-date: /home/linux/test_place/ros2_projects/project_1/install/my_robot_description/share/my_robot_description/rviz/model.rviz
-- Up-to-date: /home/linux/test_place/ros2_projects/project_1/install/my_robot_description/share/my_robot_description/rviz/motion.rviz
-- Up-to-date: /home/linux/test_place/ros2_projects/project_1/install/my_robot_description/share/my_robot_description/urdf
-- Up-to-date: /home/linux/test_place/ros2_projects/project_1/install/my_robot_description/share/my_robot_description/urdf/robot.urdf.xacro
-- Up-to-date: /home/linux/test_place/ros2_projects/project_1/install/my_robot_description/share/my_robot_description/urdf/chassis.xacro
-- Up-to-date: /home/linux/test_place/ros2_projects/project_1/install/my_robot_description/share/my_robot_description/urdf/wheels.xacro
-- Up-to-date: /home/linux/test_place/ros2_projects/project_1/install/my_robot_description/share/my_robot_description/urdf/sensors.xacro
-- Up-to-date: /home/linux/test_place/ros2_projects/project_1/install/my_robot_description/lib/my_robot_description/wheel_demo.py
-- Up-to-date: /home/linux/test_place/ros2_projects/project_1/install/my_robot_description/lib/my_robot_description/diff_drive_demo.py
-- Up-to-date: /home/linux/test_place/ros2_projects/project_1/install/my_robot_description/lib/my_robot_description/cmd_vel_drive.py
-- Up-to-date: /home/linux/test_place/ros2_projects/project_1/install/my_robot_description/lib/my_robot_description/keyboard_teleop.py
-- Up-to-date: /home/linux/test_place/ros2_projects/project_1/install/my_robot_description/lib/my_robot_description/virtual_lidar.py
-- Up-to-date: /home/linux/test_place/ros2_projects/project_1/install/my_robot_description/share/ament_index/resource_index/package_run_dependencies/my_robot_description
-- Up-to-date: /home/linux/test_place/ros2_projects/project_1/install/my_robot_description/share/ament_index/resource_index/parent_prefix_path/my_robot_description
-- Up-to-date: /home/linux/test_place/ros2_projects/project_1/install/my_robot_description/share/my_robot_description/environment/ament_prefix_path.sh
-- Up-to-date: /home/linux/test_place/ros2_projects/project_1/install/my_robot_description/share/my_robot_description/environment/ament_prefix_path.dsv
-- Up-to-date: /home/linux/test_place/ros2_projects/project_1/install/my_robot_description/share/my_robot_description/environment/path.sh
-- Up-to-date: /home/linux/test_place/ros2_projects/project_1/install/my_robot_description/share/my_robot_description/environment/path.dsv
-- Up-to-date: /home/linux/test_place/ros2_projects/project_1/install/my_robot_description/share/my_robot_description/local_setup.bash
-- Up-to-date: /home/linux/test_place/ros2_projects/project_1/install/my_robot_description/share/my_robot_description/local_setup.sh
-- Up-to-date: /home/linux/test_place/ros2_projects/project_1/install/my_robot_description/share/my_robot_description/local_setup.zsh
-- Up-to-date: /home/linux/test_place/ros2_projects/project_1/install/my_robot_description/share/my_robot_description/local_setup.dsv
-- Installing: /home/linux/test_place/ros2_projects/project_1/install/my_robot_description/share/my_robot_description/package.dsv
-- Up-to-date: /home/linux/test_place/ros2_projects/project_1/install/my_robot_description/share/ament_index/resource_index/packages/my_robot_description
-- Up-to-date: /home/linux/test_place/ros2_projects/project_1/install/my_robot_description/share/my_robot_description/cmake/my_robot_descriptionConfig.cmake
-- Up-to-date: /home/linux/test_place/ros2_projects/project_1/install/my_robot_description/share/my_robot_description/cmake/my_robot_descriptionConfig-version.cmake
-- Up-to-date: /home/linux/test_place/ros2_projects/project_1/install/my_robot_description/share/my_robot_description/package.xml
