[0.025s] Invoking command in '/home/linux/test_place/ros2_projects/project_1/build/robot_data_flow': CMAKE_PREFIX_PATH=${CMAKE_PREFIX_PATH}:/opt/ros/jazzy DEBUGINFOD_URLS=https://debuginfod.ubuntu.com /usr/bin/cmake --build /home/linux/test_place/ros2_projects/project_1/build/robot_data_flow -- -j32 -l32
[0.084s] Invoked command in '/home/linux/test_place/ros2_projects/project_1/build/robot_data_flow' returned '0': CMAKE_PREFIX_PATH=${CMAKE_PREFIX_PATH}:/opt/ros/jazzy DEBUGINFOD_URLS=https://debuginfod.ubuntu.com /usr/bin/cmake --build /home/linux/test_place/ros2_projects/project_1/build/robot_data_flow -- -j32 -l32
[0.086s] Invoking command in '/home/linux/test_place/ros2_projects/project_1/build/robot_data_flow': CMAKE_PREFIX_PATH=${CMAKE_PREFIX_PATH}:/opt/ros/jazzy DEBUGINFOD_URLS=https://debuginfod.ubuntu.com /usr/bin/cmake --install /home/linux/test_place/ros2_projects/project_1/build/robot_data_flow
[0.109s] -- Install configuration: ""
[0.111s] -- Up-to-date: /home/linux/test_place/ros2_projects/project_1/install/robot_data_flow/lib/robot_data_flow/fake_imu_node.py
[0.113s] -- Up-to-date: /home/linux/test_place/ros2_projects/project_1/install/robot_data_flow/lib/robot_data_flow/fake_odom_node.py
[0.114s] -- Up-to-date: /home/linux/test_place/ros2_projects/project_1/install/robot_data_flow/lib/robot_data_flow/tf_fusion_node.py
[0.115s] -- Up-to-date: /home/linux/test_place/ros2_projects/project_1/install/robot_data_flow/share/robot_data_flow/
[0.116s] -- Up-to-date: /home/linux/test_place/ros2_projects/project_1/install/robot_data_flow/share/robot_data_flow//data_flow_launch.py
[0.117s] -- Up-to-date: /home/linux/test_place/ros2_projects/project_1/install/robot_data_flow/share/ament_index/resource_index/package_run_dependencies/robot_data_flow
[0.118s] -- Up-to-date: /home/linux/test_place/ros2_projects/project_1/install/robot_data_flow/share/ament_index/resource_index/parent_prefix_path/robot_data_flow
[0.118s] -- Up-to-date: /home/linux/test_place/ros2_projects/project_1/install/robot_data_flow/share/robot_data_flow/environment/ament_prefix_path.sh
[0.119s] -- Up-to-date: /home/linux/test_place/ros2_projects/project_1/install/robot_data_flow/share/robot_data_flow/environment/ament_prefix_path.dsv
[0.119s] -- Up-to-date: /home/linux/test_place/ros2_projects/project_1/install/robot_data_flow/share/robot_data_flow/environment/path.sh
[0.120s] -- Up-to-date: /home/linux/test_place/ros2_projects/project_1/install/robot_data_flow/share/robot_data_flow/environment/path.dsv
[0.122s] -- Up-to-date: /home/linux/test_place/ros2_projects/project_1/install/robot_data_flow/share/robot_data_flow/local_setup.bash
[0.123s] -- Up-to-date: /home/linux/test_place/ros2_projects/project_1/install/robot_data_flow/share/robot_data_flow/local_setup.sh
[0.124s] -- Up-to-date: /home/linux/test_place/ros2_projects/project_1/install/robot_data_flow/share/robot_data_flow/local_setup.zsh
[0.125s] -- Up-to-date: /home/linux/test_place/ros2_projects/project_1/install/robot_data_flow/share/robot_data_flow/local_setup.dsv
[0.126s] -- Installing: /home/linux/test_place/ros2_projects/project_1/install/robot_data_flow/share/robot_data_flow/package.dsv
[0.128s] -- Up-to-date: /home/linux/test_place/ros2_projects/project_1/install/robot_data_flow/share/ament_index/resource_index/packages/robot_data_flow
[0.129s] -- Up-to-date: /home/linux/test_place/ros2_projects/project_1/install/robot_data_flow/share/robot_data_flow/cmake/robot_data_flowConfig.cmake
[0.130s] -- Up-to-date: /home/linux/test_place/ros2_projects/project_1/install/robot_data_flow/share/robot_data_flow/cmake/robot_data_flowConfig-version.cmake
[0.132s] -- Up-to-date: /home/linux/test_place/ros2_projects/project_1/install/robot_data_flow/share/robot_data_flow/package.xml
[0.162s] Invoked command in '/home/linux/test_place/ros2_projects/project_1/build/robot_data_flow' returned '0': CMAKE_PREFIX_PATH=${CMAKE_PREFIX_PATH}:/opt/ros/jazzy DEBUGINFOD_URLS=https://debuginfod.ubuntu.com /usr/bin/cmake --install /home/linux/test_place/ros2_projects/project_1/build/robot_data_flow
