[0.304s] DEBUG:colcon:Command line arguments: ['/usr/bin/colcon', 'build']
[0.304s] DEBUG:colcon:Parsed command line arguments: Namespace(log_base=None, log_level=None, verb_name='build', build_base='build', install_base='install', merge_install=False, symlink_install=False, test_result_base=None, continue_on_error=False, executor='parallel', parallel_workers=32, event_handlers=None, ignore_user_meta=False, metas=['./colcon.meta'], base_paths=['.'], packages_ignore=None, packages_ignore_regex=None, paths=None, packages_up_to=None, packages_up_to_regex=None, packages_above=None, packages_above_and_dependencies=None, packages_above_depth=None, packages_select_by_dep=None, packages_skip_by_dep=None, packages_skip_up_to=None, packages_select_build_failed=False, packages_skip_build_finished=False, packages_select_test_failures=False, packages_skip_test_passed=False, packages_select=None, packages_skip=None, packages_select_regex=None, packages_skip_regex=None, packages_start=None, packages_end=None, allow_overriding=[], cmake_args=None, cmake_target=None, cmake_target_skip_unavailable=False, cmake_clean_cache=False, cmake_clean_first=False, cmake_force_configure=False, ament_cmake_args=None, catkin_cmake_args=None, catkin_skip_building_tests=False, verb_parser=<colcon_defaults.argument_parser.defaults.DefaultArgumentsDecorator object at 0x7f5f18252990>, verb_extension=<colcon_core.verb.build.BuildVerb object at 0x7f5f1837b470>, main=<bound method BuildVerb.main of <colcon_core.verb.build.BuildVerb object at 0x7f5f1837b470>>)
[0.361s] Level 1:colcon.colcon_core.package_discovery:discover_packages(colcon_meta) check parameters
[0.362s] Level 1:colcon.colcon_core.package_discovery:discover_packages(recursive) check parameters
[0.362s] Level 1:colcon.colcon_core.package_discovery:discover_packages(ignore) check parameters
[0.362s] Level 1:colcon.colcon_core.package_discovery:discover_packages(path) check parameters
[0.362s] Level 1:colcon.colcon_core.package_discovery:discover_packages(colcon_meta) discover
[0.362s] Level 1:colcon.colcon_core.package_discovery:discover_packages(recursive) discover
[0.362s] INFO:colcon.colcon_core.package_discovery:Crawling recursively for packages in '/home/linux/test_place/ros2_place'
[0.362s] Level 1:colcon.colcon_core.package_identification:_identify(.) by extensions ['ignore', 'ignore_ament_install']
[0.362s] Level 1:colcon.colcon_core.package_identification:_identify(.) by extension 'ignore'
[0.362s] Level 1:colcon.colcon_core.package_identification:_identify(.) by extension 'ignore_ament_install'
[0.362s] Level 1:colcon.colcon_core.package_identification:_identify(.) by extensions ['colcon_pkg']
[0.362s] Level 1:colcon.colcon_core.package_identification:_identify(.) by extension 'colcon_pkg'
[0.362s] Level 1:colcon.colcon_core.package_identification:_identify(.) by extensions ['colcon_meta']
[0.362s] Level 1:colcon.colcon_core.package_identification:_identify(.) by extension 'colcon_meta'
[0.362s] Level 1:colcon.colcon_core.package_identification:_identify(.) by extensions ['ros']
[0.363s] Level 1:colcon.colcon_core.package_identification:_identify(.) by extension 'ros'
[0.398s] Level 1:colcon.colcon_core.package_identification:_identify(.) by extensions ['cmake', 'python']
[0.399s] Level 1:colcon.colcon_core.package_identification:_identify(.) by extension 'cmake'
[0.399s] Level 1:colcon.colcon_core.package_identification:_identify(.) by extension 'python'
[0.399s] Level 1:colcon.colcon_core.package_identification:_identify(.) by extensions ['python_setup_py']
[0.399s] Level 1:colcon.colcon_core.package_identification:_identify(.) by extension 'python_setup_py'
[0.399s] Level 1:colcon.colcon_core.package_identification:_identify(build) by extensions ['ignore', 'ignore_ament_install']
[0.399s] Level 1:colcon.colcon_core.package_identification:_identify(build) by extension 'ignore'
[0.399s] Level 1:colcon.colcon_core.package_identification:_identify(build) ignored
[0.399s] Level 1:colcon.colcon_core.package_identification:_identify(install) by extensions ['ignore', 'ignore_ament_install']
[0.400s] Level 1:colcon.colcon_core.package_identification:_identify(install) by extension 'ignore'
[0.400s] Level 1:colcon.colcon_core.package_identification:_identify(install) ignored
[0.400s] Level 1:colcon.colcon_core.package_identification:_identify(log) by extensions ['ignore', 'ignore_ament_install']
[0.400s] Level 1:colcon.colcon_core.package_identification:_identify(log) by extension 'ignore'
[0.400s] Level 1:colcon.colcon_core.package_identification:_identify(log) ignored
[0.400s] Level 1:colcon.colcon_core.package_identification:_identify(src) by extensions ['ignore', 'ignore_ament_install']
[0.400s] Level 1:colcon.colcon_core.package_identification:_identify(src) by extension 'ignore'
[0.400s] Level 1:colcon.colcon_core.package_identification:_identify(src) by extension 'ignore_ament_install'
[0.400s] Level 1:colcon.colcon_core.package_identification:_identify(src) by extensions ['colcon_pkg']
[0.400s] Level 1:colcon.colcon_core.package_identification:_identify(src) by extension 'colcon_pkg'
[0.400s] Level 1:colcon.colcon_core.package_identification:_identify(src) by extensions ['colcon_meta']
[0.400s] Level 1:colcon.colcon_core.package_identification:_identify(src) by extension 'colcon_meta'
[0.400s] Level 1:colcon.colcon_core.package_identification:_identify(src) by extensions ['ros']
[0.400s] Level 1:colcon.colcon_core.package_identification:_identify(src) by extension 'ros'
[0.400s] Level 1:colcon.colcon_core.package_identification:_identify(src) by extensions ['cmake', 'python']
[0.400s] Level 1:colcon.colcon_core.package_identification:_identify(src) by extension 'cmake'
[0.400s] Level 1:colcon.colcon_core.package_identification:_identify(src) by extension 'python'
[0.400s] Level 1:colcon.colcon_core.package_identification:_identify(src) by extensions ['python_setup_py']
[0.400s] Level 1:colcon.colcon_core.package_identification:_identify(src) by extension 'python_setup_py'
[0.400s] Level 1:colcon.colcon_core.package_identification:_identify(src/turtle_auto) by extensions ['ignore', 'ignore_ament_install']
[0.401s] Level 1:colcon.colcon_core.package_identification:_identify(src/turtle_auto) by extension 'ignore'
[0.401s] Level 1:colcon.colcon_core.package_identification:_identify(src/turtle_auto) by extension 'ignore_ament_install'
[0.401s] Level 1:colcon.colcon_core.package_identification:_identify(src/turtle_auto) by extensions ['colcon_pkg']
[0.401s] Level 1:colcon.colcon_core.package_identification:_identify(src/turtle_auto) by extension 'colcon_pkg'
[0.401s] Level 1:colcon.colcon_core.package_identification:_identify(src/turtle_auto) by extensions ['colcon_meta']
[0.401s] Level 1:colcon.colcon_core.package_identification:_identify(src/turtle_auto) by extension 'colcon_meta'
[0.401s] Level 1:colcon.colcon_core.package_identification:_identify(src/turtle_auto) by extensions ['ros']
[0.401s] Level 1:colcon.colcon_core.package_identification:_identify(src/turtle_auto) by extension 'ros'
[0.404s] DEBUG:colcon.colcon_core.package_identification:Package 'src/turtle_auto' with type 'ros.ament_cmake' and name 'turtle_auto'
[0.404s] Level 1:colcon.colcon_core.package_discovery:discover_packages(recursive) using defaults
[0.404s] Level 1:colcon.colcon_core.package_discovery:discover_packages(ignore) discover
[0.404s] Level 1:colcon.colcon_core.package_discovery:discover_packages(ignore) using defaults
[0.404s] Level 1:colcon.colcon_core.package_discovery:discover_packages(path) discover
[0.404s] Level 1:colcon.colcon_core.package_discovery:discover_packages(path) using defaults
[0.430s] Level 1:colcon.colcon_core.package_discovery:discover_packages(prefix_path) check parameters
[0.430s] Level 1:colcon.colcon_core.package_discovery:discover_packages(prefix_path) discover
[0.434s] DEBUG:colcon.colcon_installed_package_information.package_discovery:Found 287 installed packages in /opt/ros/jazzy
[0.435s] Level 1:colcon.colcon_core.package_discovery:discover_packages(prefix_path) using defaults
[0.488s] Level 5:colcon.colcon_core.verb:set package 'turtle_auto' build argument 'cmake_args' from command line to 'None'
[0.488s] Level 5:colcon.colcon_core.verb:set package 'turtle_auto' build argument 'cmake_target' from command line to 'None'
[0.489s] Level 5:colcon.colcon_core.verb:set package 'turtle_auto' build argument 'cmake_target_skip_unavailable' from command line to 'False'
[0.489s] Level 5:colcon.colcon_core.verb:set package 'turtle_auto' build argument 'cmake_clean_cache' from command line to 'False'
[0.489s] Level 5:colcon.colcon_core.verb:set package 'turtle_auto' build argument 'cmake_clean_first' from command line to 'False'
[0.489s] Level 5:colcon.colcon_core.verb:set package 'turtle_auto' build argument 'cmake_force_configure' from command line to 'False'
[0.489s] Level 5:colcon.colcon_core.verb:set package 'turtle_auto' build argument 'ament_cmake_args' from command line to 'None'
[0.489s] Level 5:colcon.colcon_core.verb:set package 'turtle_auto' build argument 'catkin_cmake_args' from command line to 'None'
[0.489s] Level 5:colcon.colcon_core.verb:set package 'turtle_auto' build argument 'catkin_skip_building_tests' from command line to 'False'
[0.489s] DEBUG:colcon.colcon_core.verb:Building package 'turtle_auto' with the following arguments: {'ament_cmake_args': None, 'build_base': '/home/linux/test_place/ros2_place/build/turtle_auto', 'catkin_cmake_args': None, 'catkin_skip_building_tests': False, 'cmake_args': None, 'cmake_clean_cache': False, 'cmake_clean_first': False, 'cmake_force_configure': False, 'cmake_target': None, 'cmake_target_skip_unavailable': False, 'install_base': '/home/linux/test_place/ros2_place/install/turtle_auto', 'merge_install': False, 'path': '/home/linux/test_place/ros2_place/src/turtle_auto', 'symlink_install': False, 'test_result_base': None}
[0.489s] INFO:colcon.colcon_core.executor:Executing jobs using 'parallel' executor
[0.491s] DEBUG:colcon.colcon_parallel_executor.executor.parallel:run_until_complete
[0.491s] INFO:colcon.colcon_ros.task.ament_cmake.build:Building ROS package in '/home/linux/test_place/ros2_place/src/turtle_auto' with build type 'ament_cmake'
[0.492s] INFO:colcon.colcon_cmake.task.cmake.build:Building CMake package in '/home/linux/test_place/ros2_place/src/turtle_auto'
[0.495s] INFO:colcon.colcon_core.plugin_system:Skipping extension 'colcon_core.shell.bat': Not used on non-Windows systems
[0.496s] INFO:colcon.colcon_core.shell:Skip shell extension 'powershell' for command environment: Not usable outside of PowerShell
[0.496s] DEBUG:colcon.colcon_core.shell:Skip shell extension 'dsv' for command environment
[0.509s] DEBUG:colcon.colcon_core.event_handler.log_command:Invoking command in '/home/linux/test_place/ros2_place/build/turtle_auto': CMAKE_PREFIX_PATH=${CMAKE_PREFIX_PATH}:/opt/ros/jazzy DEBUGINFOD_URLS=https://debuginfod.ubuntu.com /usr/bin/cmake /home/linux/test_place/ros2_place/src/turtle_auto -DCMAKE_INSTALL_PREFIX=/home/linux/test_place/ros2_place/install/turtle_auto
[6.966s] DEBUG:colcon.colcon_core.event_handler.log_command:Invoked command in '/home/linux/test_place/ros2_place/build/turtle_auto' returned '0': CMAKE_PREFIX_PATH=${CMAKE_PREFIX_PATH}:/opt/ros/jazzy DEBUGINFOD_URLS=https://debuginfod.ubuntu.com /usr/bin/cmake /home/linux/test_place/ros2_place/src/turtle_auto -DCMAKE_INSTALL_PREFIX=/home/linux/test_place/ros2_place/install/turtle_auto
[6.968s] DEBUG:colcon.colcon_core.event_handler.log_command:Invoking command in '/home/linux/test_place/ros2_place/build/turtle_auto': CMAKE_PREFIX_PATH=${CMAKE_PREFIX_PATH}:/opt/ros/jazzy DEBUGINFOD_URLS=https://debuginfod.ubuntu.com /usr/bin/cmake --build /home/linux/test_place/ros2_place/build/turtle_auto -- -j32 -l32
[15.159s] DEBUG:colcon.colcon_core.event_handler.log_command:Invoked command in '/home/linux/test_place/ros2_place/build/turtle_auto' returned '0': CMAKE_PREFIX_PATH=${CMAKE_PREFIX_PATH}:/opt/ros/jazzy DEBUGINFOD_URLS=https://debuginfod.ubuntu.com /usr/bin/cmake --build /home/linux/test_place/ros2_place/build/turtle_auto -- -j32 -l32
[15.175s] DEBUG:colcon.colcon_core.event_handler.log_command:Invoking command in '/home/linux/test_place/ros2_place/build/turtle_auto': CMAKE_PREFIX_PATH=${CMAKE_PREFIX_PATH}:/opt/ros/jazzy DEBUGINFOD_URLS=https://debuginfod.ubuntu.com /usr/bin/cmake --install /home/linux/test_place/ros2_place/build/turtle_auto
[15.197s] Level 1:colcon.colcon_core.environment:create_environment_scripts_only(turtle_auto)
[15.199s] DEBUG:colcon.colcon_core.event_handler.log_command:Invoked command in '/home/linux/test_place/ros2_place/build/turtle_auto' returned '0': CMAKE_PREFIX_PATH=${CMAKE_PREFIX_PATH}:/opt/ros/jazzy DEBUGINFOD_URLS=https://debuginfod.ubuntu.com /usr/bin/cmake --install /home/linux/test_place/ros2_place/build/turtle_auto
[15.202s] Level 1:colcon.colcon_core.environment:checking '/home/linux/test_place/ros2_place/install/turtle_auto' for CMake module files
[15.203s] Level 1:colcon.colcon_core.environment:checking '/home/linux/test_place/ros2_place/install/turtle_auto' for CMake config files
[15.203s] Level 1:colcon.colcon_core.shell:create_environment_hook('turtle_auto', 'cmake_prefix_path')
[15.203s] INFO:colcon.colcon_core.shell:Creating environment hook '/home/linux/test_place/ros2_place/install/turtle_auto/share/turtle_auto/hook/cmake_prefix_path.ps1'
[15.205s] INFO:colcon.colcon_core.shell:Creating environment descriptor '/home/linux/test_place/ros2_place/install/turtle_auto/share/turtle_auto/hook/cmake_prefix_path.dsv'
[15.207s] INFO:colcon.colcon_core.shell:Creating environment hook '/home/linux/test_place/ros2_place/install/turtle_auto/share/turtle_auto/hook/cmake_prefix_path.sh'
[15.209s] Level 1:colcon.colcon_core.environment:checking '/home/linux/test_place/ros2_place/install/turtle_auto/lib'
[15.210s] Level 1:colcon.colcon_core.environment:checking '/home/linux/test_place/ros2_place/install/turtle_auto/bin'
[15.210s] Level 1:colcon.colcon_core.environment:checking '/home/linux/test_place/ros2_place/install/turtle_auto/lib/pkgconfig/turtle_auto.pc'
[15.210s] Level 1:colcon.colcon_core.environment:checking '/home/linux/test_place/ros2_place/install/turtle_auto/lib/python3.12/site-packages'
[15.210s] Level 1:colcon.colcon_core.environment:checking '/home/linux/test_place/ros2_place/install/turtle_auto/bin'
[15.211s] INFO:colcon.colcon_core.shell:Creating package script '/home/linux/test_place/ros2_place/install/turtle_auto/share/turtle_auto/package.ps1'
[15.212s] INFO:colcon.colcon_core.shell:Creating package descriptor '/home/linux/test_place/ros2_place/install/turtle_auto/share/turtle_auto/package.dsv'
[15.213s] INFO:colcon.colcon_core.shell:Creating package script '/home/linux/test_place/ros2_place/install/turtle_auto/share/turtle_auto/package.sh'
[15.214s] INFO:colcon.colcon_core.shell:Creating package script '/home/linux/test_place/ros2_place/install/turtle_auto/share/turtle_auto/package.bash'
[15.214s] INFO:colcon.colcon_core.shell:Creating package script '/home/linux/test_place/ros2_place/install/turtle_auto/share/turtle_auto/package.zsh'
[15.215s] Level 1:colcon.colcon_core.environment:create_file_with_runtime_dependencies(/home/linux/test_place/ros2_place/install/turtle_auto/share/colcon-core/packages/turtle_auto)
[15.216s] Level 1:colcon.colcon_core.environment:create_environment_scripts_only(turtle_auto)
[15.216s] Level 1:colcon.colcon_core.environment:checking '/home/linux/test_place/ros2_place/install/turtle_auto' for CMake module files
[15.217s] Level 1:colcon.colcon_core.environment:checking '/home/linux/test_place/ros2_place/install/turtle_auto' for CMake config files
[15.217s] Level 1:colcon.colcon_core.shell:create_environment_hook('turtle_auto', 'cmake_prefix_path')
[15.218s] INFO:colcon.colcon_core.shell:Creating environment hook '/home/linux/test_place/ros2_place/install/turtle_auto/share/turtle_auto/hook/cmake_prefix_path.ps1'
[15.218s] INFO:colcon.colcon_core.shell:Creating environment descriptor '/home/linux/test_place/ros2_place/install/turtle_auto/share/turtle_auto/hook/cmake_prefix_path.dsv'
[15.219s] INFO:colcon.colcon_core.shell:Creating environment hook '/home/linux/test_place/ros2_place/install/turtle_auto/share/turtle_auto/hook/cmake_prefix_path.sh'
[15.220s] Level 1:colcon.colcon_core.environment:checking '/home/linux/test_place/ros2_place/install/turtle_auto/lib'
[15.220s] Level 1:colcon.colcon_core.environment:checking '/home/linux/test_place/ros2_place/install/turtle_auto/bin'
[15.220s] Level 1:colcon.colcon_core.environment:checking '/home/linux/test_place/ros2_place/install/turtle_auto/lib/pkgconfig/turtle_auto.pc'
[15.220s] Level 1:colcon.colcon_core.environment:checking '/home/linux/test_place/ros2_place/install/turtle_auto/lib/python3.12/site-packages'
[15.220s] Level 1:colcon.colcon_core.environment:checking '/home/linux/test_place/ros2_place/install/turtle_auto/bin'
[15.221s] INFO:colcon.colcon_core.shell:Creating package script '/home/linux/test_place/ros2_place/install/turtle_auto/share/turtle_auto/package.ps1'
[15.222s] INFO:colcon.colcon_core.shell:Creating package descriptor '/home/linux/test_place/ros2_place/install/turtle_auto/share/turtle_auto/package.dsv'
[15.223s] INFO:colcon.colcon_core.shell:Creating package script '/home/linux/test_place/ros2_place/install/turtle_auto/share/turtle_auto/package.sh'
[15.223s] INFO:colcon.colcon_core.shell:Creating package script '/home/linux/test_place/ros2_place/install/turtle_auto/share/turtle_auto/package.bash'
[15.224s] INFO:colcon.colcon_core.shell:Creating package script '/home/linux/test_place/ros2_place/install/turtle_auto/share/turtle_auto/package.zsh'
[15.225s] Level 1:colcon.colcon_core.environment:create_file_with_runtime_dependencies(/home/linux/test_place/ros2_place/install/turtle_auto/share/colcon-core/packages/turtle_auto)
[15.225s] DEBUG:colcon.colcon_parallel_executor.executor.parallel:closing loop
[15.227s] DEBUG:colcon.colcon_parallel_executor.executor.parallel:loop closed
[15.227s] DEBUG:colcon.colcon_parallel_executor.executor.parallel:run_until_complete finished with '0'
[15.227s] DEBUG:colcon.colcon_core.event_reactor:joining thread
[15.330s] INFO:colcon.colcon_core.plugin_system:Skipping extension 'colcon_notification.desktop_notification.notify_send': Could not find 'notify-send'
[15.330s] INFO:colcon.colcon_core.plugin_system:Skipping extension 'colcon_notification.desktop_notification.terminal_notifier': Not used on non-Darwin systems
[15.330s] INFO:colcon.colcon_core.plugin_system:Skipping extension 'colcon_notification.desktop_notification.win32': Not used on non-Windows systems
[15.330s] INFO:colcon.colcon_notification.desktop_notification:Sending desktop notification using 'notify2'
[15.333s] DEBUG:colcon.colcon_notification.desktop_notification.notify2:Failed to initialize notify2: org.freedesktop.DBus.Error.ServiceUnknown: The name org.freedesktop.Notifications was not provided by any .service files
[15.333s] DEBUG:colcon.colcon_core.event_reactor:joined thread
[15.334s] INFO:colcon.colcon_core.shell:Creating prefix script '/home/linux/test_place/ros2_place/install/local_setup.ps1'
[15.335s] INFO:colcon.colcon_core.shell:Creating prefix util module '/home/linux/test_place/ros2_place/install/_local_setup_util_ps1.py'
[15.336s] INFO:colcon.colcon_core.shell:Creating prefix chain script '/home/linux/test_place/ros2_place/install/setup.ps1'
[15.337s] INFO:colcon.colcon_core.shell:Creating prefix script '/home/linux/test_place/ros2_place/install/local_setup.sh'
[15.338s] INFO:colcon.colcon_core.shell:Creating prefix util module '/home/linux/test_place/ros2_place/install/_local_setup_util_sh.py'
[15.338s] INFO:colcon.colcon_core.shell:Creating prefix chain script '/home/linux/test_place/ros2_place/install/setup.sh'
[15.339s] INFO:colcon.colcon_core.shell:Creating prefix script '/home/linux/test_place/ros2_place/install/local_setup.bash'
[15.340s] INFO:colcon.colcon_core.shell:Creating prefix chain script '/home/linux/test_place/ros2_place/install/setup.bash'
[15.341s] INFO:colcon.colcon_core.shell:Creating prefix script '/home/linux/test_place/ros2_place/install/local_setup.zsh'
[15.342s] INFO:colcon.colcon_core.shell:Creating prefix chain script '/home/linux/test_place/ros2_place/install/setup.zsh'
