[0.024s] Invoking command in '/home/linux/test_place/ros2_projects/project_1/build/robot_data_flow': CMAKE_PREFIX_PATH=${CMAKE_PREFIX_PATH}:/opt/ros/jazzy CONDA_PROMPT_MODIFIER=(base) DEBUGINFOD_URLS=https://debuginfod.ubuntu.com /usr/bin/cmake --build /home/linux/test_place/ros2_projects/project_1/build/robot_data_flow -- -j32 -l32
[0.146s] Invoked command in '/home/linux/test_place/ros2_projects/project_1/build/robot_data_flow' returned '0': CMAKE_PREFIX_PATH=${CMAKE_PREFIX_PATH}:/opt/ros/jazzy CONDA_PROMPT_MODIFIER=(base) DEBUGINFOD_URLS=https://debuginfod.ubuntu.com /usr/bin/cmake --build /home/linux/test_place/ros2_projects/project_1/build/robot_data_flow -- -j32 -l32
[0.162s] Invoking command in '/home/linux/test_place/ros2_projects/project_1/build/robot_data_flow': CMAKE_PREFIX_PATH=${CMAKE_PREFIX_PATH}:/opt/ros/jazzy CONDA_PROMPT_MODIFIER=(base) DEBUGINFOD_URLS=https://debuginfod.ubuntu.com /usr/bin/cmake --install /home/linux/test_place/ros2_projects/project_1/build/robot_data_flow
[0.178s] -- Install configuration: ""
[0.178s] -- Installing: /home/linux/test_place/ros2_projects/project_1/install/robot_data_flow/lib/robot_data_flow/fake_imu_node.py
[0.180s] -- Installing: /home/linux/test_place/ros2_projects/project_1/install/robot_data_flow/lib/robot_data_flow/fake_odom_node.py
[0.180s] -- Up-to-date: /home/linux/test_place/ros2_projects/project_1/install/robot_data_flow/share/ament_index/resource_index/package_run_dependencies/robot_data_flow
[0.181s] -- Up-to-date: /home/linux/test_place/ros2_projects/project_1/install/robot_data_flow/share/ament_index/resource_index/parent_prefix_path/robot_data_flow
[0.182s] -- Up-to-date: /home/linux/test_place/ros2_projects/project_1/install/robot_data_flow/share/robot_data_flow/environment/ament_prefix_path.sh
[0.182s] -- Up-to-date: /home/linux/test_place/ros2_projects/project_1/install/robot_data_flow/share/robot_data_flow/environment/ament_prefix_path.dsv
[0.182s] -- Up-to-date: /home/linux/test_place/ros2_projects/project_1/install/robot_data_flow/share/robot_data_flow/environment/path.sh
[0.183s] -- Up-to-date: /home/linux/test_place/ros2_projects/project_1/install/robot_data_flow/share/robot_data_flow/environment/path.dsv
[0.183s] -- Up-to-date: /home/linux/test_place/ros2_projects/project_1/install/robot_data_flow/share/robot_data_flow/local_setup.bash
[0.184s] -- Up-to-date: /home/linux/test_place/ros2_projects/project_1/install/robot_data_flow/share/robot_data_flow/local_setup.sh
[0.185s] -- Up-to-date: /home/linux/test_place/ros2_projects/project_1/install/robot_data_flow/share/robot_data_flow/local_setup.zsh
[0.185s] -- Up-to-date: /home/linux/test_place/ros2_projects/project_1/install/robot_data_flow/share/robot_data_flow/local_setup.dsv
[0.186s] -- Up-to-date: /home/linux/test_place/ros2_projects/project_1/install/robot_data_flow/share/robot_data_flow/package.dsv
[0.186s] -- Up-to-date: /home/linux/test_place/ros2_projects/project_1/install/robot_data_flow/share/ament_index/resource_index/packages/robot_data_flow
[0.186s] -- Up-to-date: /home/linux/test_place/ros2_projects/project_1/install/robot_data_flow/share/robot_data_flow/cmake/robot_data_flowConfig.cmake
[0.187s] -- Up-to-date: /home/linux/test_place/ros2_projects/project_1/install/robot_data_flow/share/robot_data_flow/cmake/robot_data_flowConfig-version.cmake
[0.187s] -- Up-to-date: /home/linux/test_place/ros2_projects/project_1/install/robot_data_flow/share/robot_data_flow/package.xml
[0.190s] Invoked command in '/home/linux/test_place/ros2_projects/project_1/build/robot_data_flow' returned '0': CMAKE_PREFIX_PATH=${CMAKE_PREFIX_PATH}:/opt/ros/jazzy CONDA_PROMPT_MODIFIER=(base) DEBUGINFOD_URLS=https://debuginfod.ubuntu.com /usr/bin/cmake --install /home/linux/test_place/ros2_projects/project_1/build/robot_data_flow
